CRITICAL - 2024-01-21 01:21:10 --> Class "App\Models\UserModel" not found
#0 /workspace/CodeIgniter-4-Starter/system/CodeIgniter.php(832): App\Controllers\Admin->auth()
#1 /workspace/CodeIgniter-4-Starter/system/CodeIgniter.php(419): CodeIgniter\CodeIgniter->runController()
#2 /workspace/CodeIgniter-4-Starter/system/CodeIgniter.php(326): CodeIgniter\CodeIgniter->handleRequest()
#3 /workspace/CodeIgniter-4-Starter/public/index.php(39): CodeIgniter\CodeIgniter->run()
#4 /workspace/CodeIgniter-4-Starter/system/Commands/Server/rewrite.php(43): require_once('...')
#5 {main}
CRITICAL - 2024-01-21 01:22:08 --> Class "App\Models\UserModel" not found
#0 /workspace/CodeIgniter-4-Starter/system/CodeIgniter.php(832): App\Controllers\Admin->auth()
#1 /workspace/CodeIgniter-4-Starter/system/CodeIgniter.php(419): CodeIgniter\CodeIgniter->runController()
#2 /workspace/CodeIgniter-4-Starter/system/CodeIgniter.php(326): CodeIgniter\CodeIgniter->handleRequest()
#3 /workspace/CodeIgniter-4-Starter/public/index.php(39): CodeIgniter\CodeIgniter->run()
#4 /workspace/CodeIgniter-4-Starter/system/Commands/Server/rewrite.php(43): require_once('...')
#5 {main}
CRITICAL - 2024-01-21 01:23:29 --> Class "App\Models\UserModel" not found
#0 /workspace/CodeIgniter-4-Starter/system/CodeIgniter.php(832): App\Controllers\Admin->auth()
#1 /workspace/CodeIgniter-4-Starter/system/CodeIgniter.php(419): CodeIgniter\CodeIgniter->runController()
#2 /workspace/CodeIgniter-4-Starter/system/CodeIgniter.php(326): CodeIgniter\CodeIgniter->handleRequest()
#3 /workspace/CodeIgniter-4-Starter/public/index.php(39): CodeIgniter\CodeIgniter->run()
#4 /workspace/CodeIgniter-4-Starter/system/Commands/Server/rewrite.php(43): require_once('...')
#5 {main}
CRITICAL - 2024-01-21 01:32:10 --> Object of class App\Models\UserModel could not be converted to string
#0 /workspace/CodeIgniter-4-Starter/system/CodeIgniter.php(832): App\Controllers\Admin->auth()
#1 /workspace/CodeIgniter-4-Starter/system/CodeIgniter.php(419): CodeIgniter\CodeIgniter->runController()
#2 /workspace/CodeIgniter-4-Starter/system/CodeIgniter.php(326): CodeIgniter\CodeIgniter->handleRequest()
#3 /workspace/CodeIgniter-4-Starter/public/index.php(39): CodeIgniter\CodeIgniter->run()
#4 /workspace/CodeIgniter-4-Starter/system/Commands/Server/rewrite.php(43): require_once('...')
#5 {main}
CRITICAL - 2024-01-21 02:03:00 --> Undefined array key 0
#0 /workspace/CodeIgniter-4-Starter/app/Controllers/Admin.php(19): CodeIgniter\Debug\Exceptions->errorHandler()
#1 /workspace/CodeIgniter-4-Starter/system/CodeIgniter.php(832): App\Controllers\Admin->auth()
#2 /workspace/CodeIgniter-4-Starter/system/CodeIgniter.php(419): CodeIgniter\CodeIgniter->runController()
#3 /workspace/CodeIgniter-4-Starter/system/CodeIgniter.php(326): CodeIgniter\CodeIgniter->handleRequest()
#4 /workspace/CodeIgniter-4-Starter/public/index.php(39): CodeIgniter\CodeIgniter->run()
#5 /workspace/CodeIgniter-4-Starter/system/Commands/Server/rewrite.php(43): require_once('...')
#6 {main}
CRITICAL - 2024-01-21 02:03:58 --> Attempt to read property "email" on null
#0 /workspace/CodeIgniter-4-Starter/app/Controllers/Admin.php(28): CodeIgniter\Debug\Exceptions->errorHandler()
#1 /workspace/CodeIgniter-4-Starter/system/CodeIgniter.php(832): App\Controllers\Admin->auth()
#2 /workspace/CodeIgniter-4-Starter/system/CodeIgniter.php(419): CodeIgniter\CodeIgniter->runController()
#3 /workspace/CodeIgniter-4-Starter/system/CodeIgniter.php(326): CodeIgniter\CodeIgniter->handleRequest()
#4 /workspace/CodeIgniter-4-Starter/public/index.php(39): CodeIgniter\CodeIgniter->run()
#5 /workspace/CodeIgniter-4-Starter/system/Commands/Server/rewrite.php(43): require_once('...')
#6 {main}
CRITICAL - 2024-01-21 02:07:27 --> Undefined property: stdClass::$email
#0 /workspace/CodeIgniter-4-Starter/app/Controllers/Admin.php(24): CodeIgniter\Debug\Exceptions->errorHandler()
#1 /workspace/CodeIgniter-4-Starter/system/CodeIgniter.php(832): App\Controllers\Admin->auth()
#2 /workspace/CodeIgniter-4-Starter/system/CodeIgniter.php(419): CodeIgniter\CodeIgniter->runController()
#3 /workspace/CodeIgniter-4-Starter/system/CodeIgniter.php(326): CodeIgniter\CodeIgniter->handleRequest()
#4 /workspace/CodeIgniter-4-Starter/public/index.php(39): CodeIgniter\CodeIgniter->run()
#5 /workspace/CodeIgniter-4-Starter/system/Commands/Server/rewrite.php(43): require_once('...')
#6 {main}
CRITICAL - 2024-01-21 02:25:54 --> Attempt to read property "title" on array
#0 /workspace/CodeIgniter-4-Starter/app/Controllers/Admin.php(45): CodeIgniter\Debug\Exceptions->errorHandler()
#1 /workspace/CodeIgniter-4-Starter/system/CodeIgniter.php(832): App\Controllers\Admin->create()
#2 /workspace/CodeIgniter-4-Starter/system/CodeIgniter.php(419): CodeIgniter\CodeIgniter->runController()
#3 /workspace/CodeIgniter-4-Starter/system/CodeIgniter.php(326): CodeIgniter\CodeIgniter->handleRequest()
#4 /workspace/CodeIgniter-4-Starter/public/index.php(39): CodeIgniter\CodeIgniter->run()
#5 /workspace/CodeIgniter-4-Starter/system/Commands/Server/rewrite.php(43): require_once('...')
#6 {main}
CRITICAL - 2024-01-21 02:27:36 --> Attempt to read property "title" on array
#0 /workspace/CodeIgniter-4-Starter/app/Controllers/Admin.php(46): CodeIgniter\Debug\Exceptions->errorHandler()
#1 /workspace/CodeIgniter-4-Starter/system/CodeIgniter.php(832): App\Controllers\Admin->create()
#2 /workspace/CodeIgniter-4-Starter/system/CodeIgniter.php(419): CodeIgniter\CodeIgniter->runController()
#3 /workspace/CodeIgniter-4-Starter/system/CodeIgniter.php(326): CodeIgniter\CodeIgniter->handleRequest()
#4 /workspace/CodeIgniter-4-Starter/public/index.php(39): CodeIgniter\CodeIgniter->run()
#5 /workspace/CodeIgniter-4-Starter/system/Commands/Server/rewrite.php(43): require_once('...')
#6 {main}
CRITICAL - 2024-01-21 02:28:12 --> Undefined property: stdClass::$title
#0 /workspace/CodeIgniter-4-Starter/app/Controllers/Admin.php(46): CodeIgniter\Debug\Exceptions->errorHandler()
#1 /workspace/CodeIgniter-4-Starter/system/CodeIgniter.php(832): App\Controllers\Admin->create()
#2 /workspace/CodeIgniter-4-Starter/system/CodeIgniter.php(419): CodeIgniter\CodeIgniter->runController()
#3 /workspace/CodeIgniter-4-Starter/system/CodeIgniter.php(326): CodeIgniter\CodeIgniter->handleRequest()
#4 /workspace/CodeIgniter-4-Starter/public/index.php(39): CodeIgniter\CodeIgniter->run()
#5 /workspace/CodeIgniter-4-Starter/system/Commands/Server/rewrite.php(43): require_once('...')
#6 {main}
CRITICAL - 2024-01-21 02:39:46 --> Object of class stdClass could not be converted to string
#0 /workspace/CodeIgniter-4-Starter/system/Database/Query.php(312): implode()
#1 /workspace/CodeIgniter-4-Starter/system/Database/Query.php(293): CodeIgniter\Database\Query->matchNamedBinds()
#2 /workspace/CodeIgniter-4-Starter/system/Database/Query.php(150): CodeIgniter\Database\Query->compileBinds()
#3 /workspace/CodeIgniter-4-Starter/system/Database/BaseConnection.php(598): CodeIgniter\Database\Query->getQuery()
#4 /workspace/CodeIgniter-4-Starter/system/Database/BaseBuilder.php(1771): CodeIgniter\Database\BaseConnection->query()
#5 /workspace/CodeIgniter-4-Starter/system/Model.php(239): CodeIgniter\Database\BaseBuilder->insert()
#6 /workspace/CodeIgniter-4-Starter/system/BaseModel.php(738): CodeIgniter\Model->doInsert()
#7 /workspace/CodeIgniter-4-Starter/system/Model.php(625): CodeIgniter\BaseModel->insert()
#8 /workspace/CodeIgniter-4-Starter/app/Controllers/Admin.php(54): CodeIgniter\Model->insert()
#9 /workspace/CodeIgniter-4-Starter/system/CodeIgniter.php(832): App\Controllers\Admin->create()
#10 /workspace/CodeIgniter-4-Starter/system/CodeIgniter.php(419): CodeIgniter\CodeIgniter->runController()
#11 /workspace/CodeIgniter-4-Starter/system/CodeIgniter.php(326): CodeIgniter\CodeIgniter->handleRequest()
#12 /workspace/CodeIgniter-4-Starter/public/index.php(39): CodeIgniter\CodeIgniter->run()
#13 /workspace/CodeIgniter-4-Starter/system/Commands/Server/rewrite.php(43): require_once('...')
#14 {main}
