CRITICAL - 2024-01-23 16:42:11 --> The framework needs the following extension(s) installed and loaded: curl, xml.
#0 /root/Documents/CodeIgniter-4-Starter/system/CodeIgniter.php(219): CodeIgniter\Exceptions\FrameworkException::forMissingExtension()
#1 /root/Documents/CodeIgniter-4-Starter/system/CodeIgniter.php(177): CodeIgniter\CodeIgniter->resolvePlatformExtensions()
#2 /root/Documents/CodeIgniter-4-Starter/system/bootstrap.php(146): CodeIgniter\CodeIgniter->initialize()
#3 /root/Documents/CodeIgniter-4-Starter/spark(45): require('...')
#4 {main}
CRITICAL - 2024-01-23 16:44:00 --> The framework needs the following extension(s) installed and loaded: curl, xml.
#0 /root/Documents/CodeIgniter-4-Starter/system/CodeIgniter.php(219): CodeIgniter\Exceptions\FrameworkException::forMissingExtension()
#1 /root/Documents/CodeIgniter-4-Starter/system/CodeIgniter.php(177): CodeIgniter\CodeIgniter->resolvePlatformExtensions()
#2 /root/Documents/CodeIgniter-4-Starter/system/bootstrap.php(146): CodeIgniter\CodeIgniter->initialize()
#3 /root/Documents/CodeIgniter-4-Starter/spark(45): require('...')
#4 {main}
CRITICAL - 2024-01-23 16:45:54 --> The framework needs the following extension(s) installed and loaded: curl, xml.
#0 /root/Documents/CodeIgniter-4-Starter/system/CodeIgniter.php(219): CodeIgniter\Exceptions\FrameworkException::forMissingExtension()
#1 /root/Documents/CodeIgniter-4-Starter/system/CodeIgniter.php(177): CodeIgniter\CodeIgniter->resolvePlatformExtensions()
#2 /root/Documents/CodeIgniter-4-Starter/system/bootstrap.php(146): CodeIgniter\CodeIgniter->initialize()
#3 /root/Documents/CodeIgniter-4-Starter/spark(45): require('...')
#4 {main}
CRITICAL - 2024-01-23 16:53:04 --> The framework needs the following extension(s) installed and loaded: curl, xml.
#0 /root/Documents/CodeIgniter-4-Starter/system/CodeIgniter.php(219): CodeIgniter\Exceptions\FrameworkException::forMissingExtension()
#1 /root/Documents/CodeIgniter-4-Starter/system/CodeIgniter.php(177): CodeIgniter\CodeIgniter->resolvePlatformExtensions()
#2 /root/Documents/CodeIgniter-4-Starter/system/bootstrap.php(146): CodeIgniter\CodeIgniter->initialize()
#3 /root/Documents/CodeIgniter-4-Starter/spark(45): require('...')
#4 {main}
CRITICAL - 2024-01-23 16:53:18 --> The framework needs the following extension(s) installed and loaded: curl, xml.
#0 /root/Documents/CodeIgniter-4-Starter/system/CodeIgniter.php(219): CodeIgniter\Exceptions\FrameworkException::forMissingExtension()
#1 /root/Documents/CodeIgniter-4-Starter/system/CodeIgniter.php(177): CodeIgniter\CodeIgniter->resolvePlatformExtensions()
#2 /root/Documents/CodeIgniter-4-Starter/system/bootstrap.php(146): CodeIgniter\CodeIgniter->initialize()
#3 /root/Documents/CodeIgniter-4-Starter/spark(45): require('...')
#4 {main}
CRITICAL - 2024-01-23 16:56:22 --> The framework needs the following extension(s) installed and loaded: xml.
#0 /root/Documents/CodeIgniter-4-Starter/system/CodeIgniter.php(219): CodeIgniter\Exceptions\FrameworkException::forMissingExtension()
#1 /root/Documents/CodeIgniter-4-Starter/system/CodeIgniter.php(177): CodeIgniter\CodeIgniter->resolvePlatformExtensions()
#2 /root/Documents/CodeIgniter-4-Starter/system/bootstrap.php(146): CodeIgniter\CodeIgniter->initialize()
#3 /root/Documents/CodeIgniter-4-Starter/spark(45): require('...')
#4 {main}
CRITICAL - 2024-01-23 07:09:43 --> Undefined array key "data"
#0 /workspace/CodeIgniter-4-Starter/app/Controllers/Admin.php(64): CodeIgniter\Debug\Exceptions->errorHandler()
#1 /workspace/CodeIgniter-4-Starter/system/CodeIgniter.php(832): App\Controllers\Admin->recent()
#2 /workspace/CodeIgniter-4-Starter/system/CodeIgniter.php(419): CodeIgniter\CodeIgniter->runController()
#3 /workspace/CodeIgniter-4-Starter/system/CodeIgniter.php(326): CodeIgniter\CodeIgniter->handleRequest()
#4 /workspace/CodeIgniter-4-Starter/public/index.php(39): CodeIgniter\CodeIgniter->run()
#5 /workspace/CodeIgniter-4-Starter/system/Commands/Server/rewrite.php(43): require_once('...')
#6 {main}
CRITICAL - 2024-01-23 07:10:46 --> Array to string conversion
#0 /workspace/CodeIgniter-4-Starter/app/Views/admin.php(6): CodeIgniter\Debug\Exceptions->errorHandler()
#1 /workspace/CodeIgniter-4-Starter/system/View/View.php(210): include('...')
#2 /workspace/CodeIgniter-4-Starter/system/View/View.php(213): CodeIgniter\View\View->CodeIgniter\View\{closure}()
#3 /workspace/CodeIgniter-4-Starter/system/Common.php(1089): CodeIgniter\View\View->render()
#4 /workspace/CodeIgniter-4-Starter/app/Controllers/Admin.php(64): view()
#5 /workspace/CodeIgniter-4-Starter/system/CodeIgniter.php(832): App\Controllers\Admin->recent()
#6 /workspace/CodeIgniter-4-Starter/system/CodeIgniter.php(419): CodeIgniter\CodeIgniter->runController()
#7 /workspace/CodeIgniter-4-Starter/system/CodeIgniter.php(326): CodeIgniter\CodeIgniter->handleRequest()
#8 /workspace/CodeIgniter-4-Starter/public/index.php(39): CodeIgniter\CodeIgniter->run()
#9 /workspace/CodeIgniter-4-Starter/system/Commands/Server/rewrite.php(43): require_once('...')
#10 {main}
CRITICAL - 2024-01-23 07:11:16 --> Undefined array key "entry"
#0 /workspace/CodeIgniter-4-Starter/app/Views/admin.php(9): CodeIgniter\Debug\Exceptions->errorHandler()
#1 /workspace/CodeIgniter-4-Starter/system/View/View.php(210): include('...')
#2 /workspace/CodeIgniter-4-Starter/system/View/View.php(213): CodeIgniter\View\View->CodeIgniter\View\{closure}()
#3 /workspace/CodeIgniter-4-Starter/system/Common.php(1089): CodeIgniter\View\View->render()
#4 /workspace/CodeIgniter-4-Starter/app/Controllers/Admin.php(64): view()
#5 /workspace/CodeIgniter-4-Starter/system/CodeIgniter.php(832): App\Controllers\Admin->recent()
#6 /workspace/CodeIgniter-4-Starter/system/CodeIgniter.php(419): CodeIgniter\CodeIgniter->runController()
#7 /workspace/CodeIgniter-4-Starter/system/CodeIgniter.php(326): CodeIgniter\CodeIgniter->handleRequest()
#8 /workspace/CodeIgniter-4-Starter/public/index.php(39): CodeIgniter\CodeIgniter->run()
#9 /workspace/CodeIgniter-4-Starter/system/Commands/Server/rewrite.php(43): require_once('...')
#10 {main}
CRITICAL - 2024-01-23 07:15:54 --> Undefined variable $item
#0 /workspace/CodeIgniter-4-Starter/app/Views/admin.php(8): CodeIgniter\Debug\Exceptions->errorHandler()
#1 /workspace/CodeIgniter-4-Starter/system/View/View.php(210): include('...')
#2 /workspace/CodeIgniter-4-Starter/system/View/View.php(213): CodeIgniter\View\View->CodeIgniter\View\{closure}()
#3 /workspace/CodeIgniter-4-Starter/system/Common.php(1089): CodeIgniter\View\View->render()
#4 /workspace/CodeIgniter-4-Starter/app/Controllers/Admin.php(65): view()
#5 /workspace/CodeIgniter-4-Starter/system/CodeIgniter.php(832): App\Controllers\Admin->recent()
#6 /workspace/CodeIgniter-4-Starter/system/CodeIgniter.php(419): CodeIgniter\CodeIgniter->runController()
#7 /workspace/CodeIgniter-4-Starter/system/CodeIgniter.php(326): CodeIgniter\CodeIgniter->handleRequest()
#8 /workspace/CodeIgniter-4-Starter/public/index.php(39): CodeIgniter\CodeIgniter->run()
#9 /workspace/CodeIgniter-4-Starter/system/Commands/Server/rewrite.php(43): require_once('...')
#10 {main}
CRITICAL - 2024-01-23 07:20:08 --> Cannot use object of type stdClass as array
#0 /workspace/CodeIgniter-4-Starter/system/View/View.php(210): include()
#1 /workspace/CodeIgniter-4-Starter/system/View/View.php(213): CodeIgniter\View\View->CodeIgniter\View\{closure}()
#2 /workspace/CodeIgniter-4-Starter/system/Common.php(1089): CodeIgniter\View\View->render()
#3 /workspace/CodeIgniter-4-Starter/app/Libraries/Card.php(6): view()
#4 /workspace/CodeIgniter-4-Starter/system/View/Cell.php(129): App\Libraries\Card->show()
#5 /workspace/CodeIgniter-4-Starter/system/Common.php(1105): CodeIgniter\View\Cell->render()
#6 /workspace/CodeIgniter-4-Starter/app/Views/home.php(7): view_cell()
#7 /workspace/CodeIgniter-4-Starter/system/View/View.php(210): include('...')
#8 /workspace/CodeIgniter-4-Starter/system/View/View.php(213): CodeIgniter\View\View->CodeIgniter\View\{closure}()
#9 /workspace/CodeIgniter-4-Starter/system/Common.php(1089): CodeIgniter\View\View->render()
#10 /workspace/CodeIgniter-4-Starter/app/Controllers/Home.php(12): view()
#11 /workspace/CodeIgniter-4-Starter/system/CodeIgniter.php(832): App\Controllers\Home->index()
#12 /workspace/CodeIgniter-4-Starter/system/CodeIgniter.php(419): CodeIgniter\CodeIgniter->runController()
#13 /workspace/CodeIgniter-4-Starter/system/CodeIgniter.php(326): CodeIgniter\CodeIgniter->handleRequest()
#14 /workspace/CodeIgniter-4-Starter/public/index.php(39): CodeIgniter\CodeIgniter->run()
#15 /workspace/CodeIgniter-4-Starter/system/Commands/Server/rewrite.php(43): require_once('...')
#16 {main}
CRITICAL - 2024-01-23 07:23:55 --> Cannot use object of type stdClass as array
#0 /workspace/CodeIgniter-4-Starter/system/View/View.php(210): include()
#1 /workspace/CodeIgniter-4-Starter/system/View/View.php(213): CodeIgniter\View\View->CodeIgniter\View\{closure}()
#2 /workspace/CodeIgniter-4-Starter/system/Common.php(1089): CodeIgniter\View\View->render()
#3 /workspace/CodeIgniter-4-Starter/app/Libraries/Card.php(7): view()
#4 /workspace/CodeIgniter-4-Starter/system/View/Cell.php(129): App\Libraries\Card->show()
#5 /workspace/CodeIgniter-4-Starter/system/Common.php(1105): CodeIgniter\View\Cell->render()
#6 /workspace/CodeIgniter-4-Starter/app/Views/home.php(7): view_cell()
#7 /workspace/CodeIgniter-4-Starter/system/View/View.php(210): include('...')
#8 /workspace/CodeIgniter-4-Starter/system/View/View.php(213): CodeIgniter\View\View->CodeIgniter\View\{closure}()
#9 /workspace/CodeIgniter-4-Starter/system/Common.php(1089): CodeIgniter\View\View->render()
#10 /workspace/CodeIgniter-4-Starter/app/Controllers/Home.php(11): view()
#11 /workspace/CodeIgniter-4-Starter/system/CodeIgniter.php(832): App\Controllers\Home->index()
#12 /workspace/CodeIgniter-4-Starter/system/CodeIgniter.php(419): CodeIgniter\CodeIgniter->runController()
#13 /workspace/CodeIgniter-4-Starter/system/CodeIgniter.php(326): CodeIgniter\CodeIgniter->handleRequest()
#14 /workspace/CodeIgniter-4-Starter/public/index.php(39): CodeIgniter\CodeIgniter->run()
#15 /workspace/CodeIgniter-4-Starter/system/Commands/Server/rewrite.php(43): require_once('...')
#16 {main}
