CRITICAL - 2024-01-20 00:44:00 --> Unable to locate view cell class: Navbar.
#0 /home/runner/CodeIgniter-4-Starter/system/View/Cell.php(201): CodeIgniter\View\Exceptions\ViewException::forInvalidCellClass('Navbar')
#1 /home/runner/CodeIgniter-4-Starter/system/View/Cell.php(71): CodeIgniter\View\Cell->determineClass('Navbar:show')
#2 /home/runner/CodeIgniter-4-Starter/system/Common.php(1105): CodeIgniter\View\Cell->render('Navbar::show', NULL, 0, NULL)
#3 /home/runner/CodeIgniter-4-Starter/app/Views/layouts/default.php(14): view_cell('Navbar::show')
#4 /home/runner/CodeIgniter-4-Starter/system/View/View.php(210): include('/home/runner/Co...')
#5 /home/runner/CodeIgniter-4-Starter/system/View/View.php(213): CodeIgniter\View\View->CodeIgniter\View\{closure}()
#6 /home/runner/CodeIgniter-4-Starter/system/View/View.php(226): CodeIgniter\View\View->render('layouts/default', Array, true)
#7 /home/runner/CodeIgniter-4-Starter/system/Common.php(1089): CodeIgniter\View\View->render('home', Array, true)
#8 /home/runner/CodeIgniter-4-Starter/app/Controllers/Home.php(10): view('home')
#9 /home/runner/CodeIgniter-4-Starter/system/CodeIgniter.php(832): App\Controllers\Home->index()
#10 /home/runner/CodeIgniter-4-Starter/system/CodeIgniter.php(419): CodeIgniter\CodeIgniter->runController(Object(App\Controllers\Home))
#11 /home/runner/CodeIgniter-4-Starter/system/CodeIgniter.php(326): CodeIgniter\CodeIgniter->handleRequest(NULL, Object(Config\Cache), false)
#12 /home/runner/CodeIgniter-4-Starter/public/index.php(39): CodeIgniter\CodeIgniter->run()
#13 {main}
CRITICAL - 2024-01-20 00:44:01 --> Unable to locate view cell class: Navbar.
#0 /home/runner/CodeIgniter-4-Starter/system/View/Cell.php(201): CodeIgniter\View\Exceptions\ViewException::forInvalidCellClass('Navbar')
#1 /home/runner/CodeIgniter-4-Starter/system/View/Cell.php(71): CodeIgniter\View\Cell->determineClass('Navbar:show')
#2 /home/runner/CodeIgniter-4-Starter/system/Common.php(1105): CodeIgniter\View\Cell->render('Navbar::show', NULL, 0, NULL)
#3 /home/runner/CodeIgniter-4-Starter/app/Views/layouts/default.php(14): view_cell('Navbar::show')
#4 /home/runner/CodeIgniter-4-Starter/system/View/View.php(210): include('/home/runner/Co...')
#5 /home/runner/CodeIgniter-4-Starter/system/View/View.php(213): CodeIgniter\View\View->CodeIgniter\View\{closure}()
#6 /home/runner/CodeIgniter-4-Starter/system/View/View.php(226): CodeIgniter\View\View->render('layouts/default', Array, true)
#7 /home/runner/CodeIgniter-4-Starter/system/Common.php(1089): CodeIgniter\View\View->render('home', Array, true)
#8 /home/runner/CodeIgniter-4-Starter/app/Controllers/Home.php(10): view('home')
#9 /home/runner/CodeIgniter-4-Starter/system/CodeIgniter.php(832): App\Controllers\Home->index()
#10 /home/runner/CodeIgniter-4-Starter/system/CodeIgniter.php(419): CodeIgniter\CodeIgniter->runController(Object(App\Controllers\Home))
#11 /home/runner/CodeIgniter-4-Starter/system/CodeIgniter.php(326): CodeIgniter\CodeIgniter->handleRequest(NULL, Object(Config\Cache), false)
#12 /home/runner/CodeIgniter-4-Starter/public/index.php(39): CodeIgniter\CodeIgniter->run()
#13 {main}
CRITICAL - 2024-01-20 00:44:50 --> Unable to locate view cell class: App\Cells\Navbar.
#0 /home/runner/CodeIgniter-4-Starter/system/View/Cell.php(201): CodeIgniter\View\Exceptions\ViewException::forInvalidCellClass('App\\Cells\\Navba...')
#1 /home/runner/CodeIgniter-4-Starter/system/View/Cell.php(71): CodeIgniter\View\Cell->determineClass('App\\Cells\\Navba...')
#2 /home/runner/CodeIgniter-4-Starter/system/Common.php(1105): CodeIgniter\View\Cell->render('App\\Cells\\Navba...', NULL, 0, NULL)
#3 /home/runner/CodeIgniter-4-Starter/app/Views/layouts/default.php(14): view_cell('App\\Cells\\Navba...')
#4 /home/runner/CodeIgniter-4-Starter/system/View/View.php(210): include('/home/runner/Co...')
#5 /home/runner/CodeIgniter-4-Starter/system/View/View.php(213): CodeIgniter\View\View->CodeIgniter\View\{closure}()
#6 /home/runner/CodeIgniter-4-Starter/system/View/View.php(226): CodeIgniter\View\View->render('layouts/default', Array, true)
#7 /home/runner/CodeIgniter-4-Starter/system/Common.php(1089): CodeIgniter\View\View->render('home', Array, true)
#8 /home/runner/CodeIgniter-4-Starter/app/Controllers/Home.php(10): view('home')
#9 /home/runner/CodeIgniter-4-Starter/system/CodeIgniter.php(832): App\Controllers\Home->index()
#10 /home/runner/CodeIgniter-4-Starter/system/CodeIgniter.php(419): CodeIgniter\CodeIgniter->runController(Object(App\Controllers\Home))
#11 /home/runner/CodeIgniter-4-Starter/system/CodeIgniter.php(326): CodeIgniter\CodeIgniter->handleRequest(NULL, Object(Config\Cache), false)
#12 /home/runner/CodeIgniter-4-Starter/public/index.php(39): CodeIgniter\CodeIgniter->run()
#13 {main}
CRITICAL - 2024-01-20 00:44:50 --> Unable to locate view cell class: App\Cells\Navbar.
#0 /home/runner/CodeIgniter-4-Starter/system/View/Cell.php(201): CodeIgniter\View\Exceptions\ViewException::forInvalidCellClass('App\\Cells\\Navba...')
#1 /home/runner/CodeIgniter-4-Starter/system/View/Cell.php(71): CodeIgniter\View\Cell->determineClass('App\\Cells\\Navba...')
#2 /home/runner/CodeIgniter-4-Starter/system/Common.php(1105): CodeIgniter\View\Cell->render('App\\Cells\\Navba...', NULL, 0, NULL)
#3 /home/runner/CodeIgniter-4-Starter/app/Views/layouts/default.php(14): view_cell('App\\Cells\\Navba...')
#4 /home/runner/CodeIgniter-4-Starter/system/View/View.php(210): include('/home/runner/Co...')
#5 /home/runner/CodeIgniter-4-Starter/system/View/View.php(213): CodeIgniter\View\View->CodeIgniter\View\{closure}()
#6 /home/runner/CodeIgniter-4-Starter/system/View/View.php(226): CodeIgniter\View\View->render('layouts/default', Array, true)
#7 /home/runner/CodeIgniter-4-Starter/system/Common.php(1089): CodeIgniter\View\View->render('home', Array, true)
#8 /home/runner/CodeIgniter-4-Starter/app/Controllers/Home.php(10): view('home')
#9 /home/runner/CodeIgniter-4-Starter/system/CodeIgniter.php(832): App\Controllers\Home->index()
#10 /home/runner/CodeIgniter-4-Starter/system/CodeIgniter.php(419): CodeIgniter\CodeIgniter->runController(Object(App\Controllers\Home))
#11 /home/runner/CodeIgniter-4-Starter/system/CodeIgniter.php(326): CodeIgniter\CodeIgniter->handleRequest(NULL, Object(Config\Cache), false)
#12 /home/runner/CodeIgniter-4-Starter/public/index.php(39): CodeIgniter\CodeIgniter->run()
#13 {main}
CRITICAL - 2024-01-20 00:45:18 --> Unable to locate view cell class: App\Libraries\Navbar.
#0 /home/runner/CodeIgniter-4-Starter/system/View/Cell.php(201): CodeIgniter\View\Exceptions\ViewException::forInvalidCellClass('App\\Libraries\\N...')
#1 /home/runner/CodeIgniter-4-Starter/system/View/Cell.php(71): CodeIgniter\View\Cell->determineClass('App\\Libraries\\N...')
#2 /home/runner/CodeIgniter-4-Starter/system/Common.php(1105): CodeIgniter\View\Cell->render('App\\Libraries\\N...', NULL, 0, NULL)
#3 /home/runner/CodeIgniter-4-Starter/app/Views/layouts/default.php(14): view_cell('App\\Libraries\\N...')
#4 /home/runner/CodeIgniter-4-Starter/system/View/View.php(210): include('/home/runner/Co...')
#5 /home/runner/CodeIgniter-4-Starter/system/View/View.php(213): CodeIgniter\View\View->CodeIgniter\View\{closure}()
#6 /home/runner/CodeIgniter-4-Starter/system/View/View.php(226): CodeIgniter\View\View->render('layouts/default', Array, true)
#7 /home/runner/CodeIgniter-4-Starter/system/Common.php(1089): CodeIgniter\View\View->render('home', Array, true)
#8 /home/runner/CodeIgniter-4-Starter/app/Controllers/Home.php(10): view('home')
#9 /home/runner/CodeIgniter-4-Starter/system/CodeIgniter.php(832): App\Controllers\Home->index()
#10 /home/runner/CodeIgniter-4-Starter/system/CodeIgniter.php(419): CodeIgniter\CodeIgniter->runController(Object(App\Controllers\Home))
#11 /home/runner/CodeIgniter-4-Starter/system/CodeIgniter.php(326): CodeIgniter\CodeIgniter->handleRequest(NULL, Object(Config\Cache), false)
#12 /home/runner/CodeIgniter-4-Starter/public/index.php(39): CodeIgniter\CodeIgniter->run()
#13 {main}
CRITICAL - 2024-01-20 00:45:18 --> Unable to locate view cell class: App\Libraries\Navbar.
#0 /home/runner/CodeIgniter-4-Starter/system/View/Cell.php(201): CodeIgniter\View\Exceptions\ViewException::forInvalidCellClass('App\\Libraries\\N...')
#1 /home/runner/CodeIgniter-4-Starter/system/View/Cell.php(71): CodeIgniter\View\Cell->determineClass('App\\Libraries\\N...')
#2 /home/runner/CodeIgniter-4-Starter/system/Common.php(1105): CodeIgniter\View\Cell->render('App\\Libraries\\N...', NULL, 0, NULL)
#3 /home/runner/CodeIgniter-4-Starter/app/Views/layouts/default.php(14): view_cell('App\\Libraries\\N...')
#4 /home/runner/CodeIgniter-4-Starter/system/View/View.php(210): include('/home/runner/Co...')
#5 /home/runner/CodeIgniter-4-Starter/system/View/View.php(213): CodeIgniter\View\View->CodeIgniter\View\{closure}()
#6 /home/runner/CodeIgniter-4-Starter/system/View/View.php(226): CodeIgniter\View\View->render('layouts/default', Array, true)
#7 /home/runner/CodeIgniter-4-Starter/system/Common.php(1089): CodeIgniter\View\View->render('home', Array, true)
#8 /home/runner/CodeIgniter-4-Starter/app/Controllers/Home.php(10): view('home')
#9 /home/runner/CodeIgniter-4-Starter/system/CodeIgniter.php(832): App\Controllers\Home->index()
#10 /home/runner/CodeIgniter-4-Starter/system/CodeIgniter.php(419): CodeIgniter\CodeIgniter->runController(Object(App\Controllers\Home))
#11 /home/runner/CodeIgniter-4-Starter/system/CodeIgniter.php(326): CodeIgniter\CodeIgniter->handleRequest(NULL, Object(Config\Cache), false)
#12 /home/runner/CodeIgniter-4-Starter/public/index.php(39): CodeIgniter\CodeIgniter->run()
#13 {main}
CRITICAL - 2024-01-20 00:46:13 --> Unable to locate view cell class: Libraries\Navbar.
#0 /home/runner/CodeIgniter-4-Starter/system/View/Cell.php(201): CodeIgniter\View\Exceptions\ViewException::forInvalidCellClass('Libraries\\Navba...')
#1 /home/runner/CodeIgniter-4-Starter/system/View/Cell.php(71): CodeIgniter\View\Cell->determineClass('Libraries\\Navba...')
#2 /home/runner/CodeIgniter-4-Starter/system/Common.php(1105): CodeIgniter\View\Cell->render('Libraries\\Navba...', NULL, 0, NULL)
#3 /home/runner/CodeIgniter-4-Starter/app/Views/layouts/default.php(14): view_cell('Libraries\\Navba...')
#4 /home/runner/CodeIgniter-4-Starter/system/View/View.php(210): include('/home/runner/Co...')
#5 /home/runner/CodeIgniter-4-Starter/system/View/View.php(213): CodeIgniter\View\View->CodeIgniter\View\{closure}()
#6 /home/runner/CodeIgniter-4-Starter/system/View/View.php(226): CodeIgniter\View\View->render('layouts/default', Array, true)
#7 /home/runner/CodeIgniter-4-Starter/system/Common.php(1089): CodeIgniter\View\View->render('home', Array, true)
#8 /home/runner/CodeIgniter-4-Starter/app/Controllers/Home.php(10): view('home')
#9 /home/runner/CodeIgniter-4-Starter/system/CodeIgniter.php(832): App\Controllers\Home->index()
#10 /home/runner/CodeIgniter-4-Starter/system/CodeIgniter.php(419): CodeIgniter\CodeIgniter->runController(Object(App\Controllers\Home))
#11 /home/runner/CodeIgniter-4-Starter/system/CodeIgniter.php(326): CodeIgniter\CodeIgniter->handleRequest(NULL, Object(Config\Cache), false)
#12 /home/runner/CodeIgniter-4-Starter/public/index.php(39): CodeIgniter\CodeIgniter->run()
#13 {main}
CRITICAL - 2024-01-20 00:46:14 --> Unable to locate view cell class: Libraries\Navbar.
#0 /home/runner/CodeIgniter-4-Starter/system/View/Cell.php(201): CodeIgniter\View\Exceptions\ViewException::forInvalidCellClass('Libraries\\Navba...')
#1 /home/runner/CodeIgniter-4-Starter/system/View/Cell.php(71): CodeIgniter\View\Cell->determineClass('Libraries\\Navba...')
#2 /home/runner/CodeIgniter-4-Starter/system/Common.php(1105): CodeIgniter\View\Cell->render('Libraries\\Navba...', NULL, 0, NULL)
#3 /home/runner/CodeIgniter-4-Starter/app/Views/layouts/default.php(14): view_cell('Libraries\\Navba...')
#4 /home/runner/CodeIgniter-4-Starter/system/View/View.php(210): include('/home/runner/Co...')
#5 /home/runner/CodeIgniter-4-Starter/system/View/View.php(213): CodeIgniter\View\View->CodeIgniter\View\{closure}()
#6 /home/runner/CodeIgniter-4-Starter/system/View/View.php(226): CodeIgniter\View\View->render('layouts/default', Array, true)
#7 /home/runner/CodeIgniter-4-Starter/system/Common.php(1089): CodeIgniter\View\View->render('home', Array, true)
#8 /home/runner/CodeIgniter-4-Starter/app/Controllers/Home.php(10): view('home')
#9 /home/runner/CodeIgniter-4-Starter/system/CodeIgniter.php(832): App\Controllers\Home->index()
#10 /home/runner/CodeIgniter-4-Starter/system/CodeIgniter.php(419): CodeIgniter\CodeIgniter->runController(Object(App\Controllers\Home))
#11 /home/runner/CodeIgniter-4-Starter/system/CodeIgniter.php(326): CodeIgniter\CodeIgniter->handleRequest(NULL, Object(Config\Cache), false)
#12 /home/runner/CodeIgniter-4-Starter/public/index.php(39): CodeIgniter\CodeIgniter->run()
#13 {main}
CRITICAL - 2024-01-20 00:46:24 --> Unable to locate view cell class: Navbar.
#0 /home/runner/CodeIgniter-4-Starter/system/View/Cell.php(201): CodeIgniter\View\Exceptions\ViewException::forInvalidCellClass('Navbar')
#1 /home/runner/CodeIgniter-4-Starter/system/View/Cell.php(71): CodeIgniter\View\Cell->determineClass('Navbar:show')
#2 /home/runner/CodeIgniter-4-Starter/system/Common.php(1105): CodeIgniter\View\Cell->render('Navbar::show', NULL, 0, NULL)
#3 /home/runner/CodeIgniter-4-Starter/app/Views/layouts/default.php(14): view_cell('Navbar::show')
#4 /home/runner/CodeIgniter-4-Starter/system/View/View.php(210): include('/home/runner/Co...')
#5 /home/runner/CodeIgniter-4-Starter/system/View/View.php(213): CodeIgniter\View\View->CodeIgniter\View\{closure}()
#6 /home/runner/CodeIgniter-4-Starter/system/View/View.php(226): CodeIgniter\View\View->render('layouts/default', Array, true)
#7 /home/runner/CodeIgniter-4-Starter/system/Common.php(1089): CodeIgniter\View\View->render('home', Array, true)
#8 /home/runner/CodeIgniter-4-Starter/app/Controllers/Home.php(10): view('home')
#9 /home/runner/CodeIgniter-4-Starter/system/CodeIgniter.php(832): App\Controllers\Home->index()
#10 /home/runner/CodeIgniter-4-Starter/system/CodeIgniter.php(419): CodeIgniter\CodeIgniter->runController(Object(App\Controllers\Home))
#11 /home/runner/CodeIgniter-4-Starter/system/CodeIgniter.php(326): CodeIgniter\CodeIgniter->handleRequest(NULL, Object(Config\Cache), false)
#12 /home/runner/CodeIgniter-4-Starter/public/index.php(39): CodeIgniter\CodeIgniter->run()
#13 {main}
CRITICAL - 2024-01-20 00:46:24 --> Unable to locate view cell class: Navbar.
#0 /home/runner/CodeIgniter-4-Starter/system/View/Cell.php(201): CodeIgniter\View\Exceptions\ViewException::forInvalidCellClass('Navbar')
#1 /home/runner/CodeIgniter-4-Starter/system/View/Cell.php(71): CodeIgniter\View\Cell->determineClass('Navbar:show')
#2 /home/runner/CodeIgniter-4-Starter/system/Common.php(1105): CodeIgniter\View\Cell->render('Navbar::show', NULL, 0, NULL)
#3 /home/runner/CodeIgniter-4-Starter/app/Views/layouts/default.php(14): view_cell('Navbar::show')
#4 /home/runner/CodeIgniter-4-Starter/system/View/View.php(210): include('/home/runner/Co...')
#5 /home/runner/CodeIgniter-4-Starter/system/View/View.php(213): CodeIgniter\View\View->CodeIgniter\View\{closure}()
#6 /home/runner/CodeIgniter-4-Starter/system/View/View.php(226): CodeIgniter\View\View->render('layouts/default', Array, true)
#7 /home/runner/CodeIgniter-4-Starter/system/Common.php(1089): CodeIgniter\View\View->render('home', Array, true)
#8 /home/runner/CodeIgniter-4-Starter/app/Controllers/Home.php(10): view('home')
#9 /home/runner/CodeIgniter-4-Starter/system/CodeIgniter.php(832): App\Controllers\Home->index()
#10 /home/runner/CodeIgniter-4-Starter/system/CodeIgniter.php(419): CodeIgniter\CodeIgniter->runController(Object(App\Controllers\Home))
#11 /home/runner/CodeIgniter-4-Starter/system/CodeIgniter.php(326): CodeIgniter\CodeIgniter->handleRequest(NULL, Object(Config\Cache), false)
#12 /home/runner/CodeIgniter-4-Starter/public/index.php(39): CodeIgniter\CodeIgniter->run()
#13 {main}
CRITICAL - 2024-01-20 00:47:29 --> Unable to locate view cell class: Navbar.
#0 /home/runner/CodeIgniter-4-Starter/system/View/Cell.php(201): CodeIgniter\View\Exceptions\ViewException::forInvalidCellClass('Navbar')
#1 /home/runner/CodeIgniter-4-Starter/system/View/Cell.php(71): CodeIgniter\View\Cell->determineClass('Navbar:show')
#2 /home/runner/CodeIgniter-4-Starter/system/Common.php(1105): CodeIgniter\View\Cell->render('Navbar::show', NULL, 0, NULL)
#3 /home/runner/CodeIgniter-4-Starter/app/Views/layouts/default.php(14): view_cell('Navbar::show')
#4 /home/runner/CodeIgniter-4-Starter/system/View/View.php(210): include('/home/runner/Co...')
#5 /home/runner/CodeIgniter-4-Starter/system/View/View.php(213): CodeIgniter\View\View->CodeIgniter\View\{closure}()
#6 /home/runner/CodeIgniter-4-Starter/system/View/View.php(226): CodeIgniter\View\View->render('layouts/default', Array, true)
#7 /home/runner/CodeIgniter-4-Starter/system/Common.php(1089): CodeIgniter\View\View->render('home', Array, true)
#8 /home/runner/CodeIgniter-4-Starter/app/Controllers/Home.php(10): view('home')
#9 /home/runner/CodeIgniter-4-Starter/system/CodeIgniter.php(832): App\Controllers\Home->index()
#10 /home/runner/CodeIgniter-4-Starter/system/CodeIgniter.php(419): CodeIgniter\CodeIgniter->runController(Object(App\Controllers\Home))
#11 /home/runner/CodeIgniter-4-Starter/system/CodeIgniter.php(326): CodeIgniter\CodeIgniter->handleRequest(NULL, Object(Config\Cache), false)
#12 /home/runner/CodeIgniter-4-Starter/public/index.php(39): CodeIgniter\CodeIgniter->run()
#13 {main}
CRITICAL - 2024-01-20 00:47:29 --> Unable to locate view cell class: Navbar.
#0 /home/runner/CodeIgniter-4-Starter/system/View/Cell.php(201): CodeIgniter\View\Exceptions\ViewException::forInvalidCellClass('Navbar')
#1 /home/runner/CodeIgniter-4-Starter/system/View/Cell.php(71): CodeIgniter\View\Cell->determineClass('Navbar:show')
#2 /home/runner/CodeIgniter-4-Starter/system/Common.php(1105): CodeIgniter\View\Cell->render('Navbar::show', NULL, 0, NULL)
#3 /home/runner/CodeIgniter-4-Starter/app/Views/layouts/default.php(14): view_cell('Navbar::show')
#4 /home/runner/CodeIgniter-4-Starter/system/View/View.php(210): include('/home/runner/Co...')
#5 /home/runner/CodeIgniter-4-Starter/system/View/View.php(213): CodeIgniter\View\View->CodeIgniter\View\{closure}()
#6 /home/runner/CodeIgniter-4-Starter/system/View/View.php(226): CodeIgniter\View\View->render('layouts/default', Array, true)
#7 /home/runner/CodeIgniter-4-Starter/system/Common.php(1089): CodeIgniter\View\View->render('home', Array, true)
#8 /home/runner/CodeIgniter-4-Starter/app/Controllers/Home.php(10): view('home')
#9 /home/runner/CodeIgniter-4-Starter/system/CodeIgniter.php(832): App\Controllers\Home->index()
#10 /home/runner/CodeIgniter-4-Starter/system/CodeIgniter.php(419): CodeIgniter\CodeIgniter->runController(Object(App\Controllers\Home))
#11 /home/runner/CodeIgniter-4-Starter/system/CodeIgniter.php(326): CodeIgniter\CodeIgniter->handleRequest(NULL, Object(Config\Cache), false)
#12 /home/runner/CodeIgniter-4-Starter/public/index.php(39): CodeIgniter\CodeIgniter->run()
#13 {main}
CRITICAL - 2024-01-20 00:47:33 --> Unable to locate view cell class: Navbar.
#0 /home/runner/CodeIgniter-4-Starter/system/View/Cell.php(201): CodeIgniter\View\Exceptions\ViewException::forInvalidCellClass('Navbar')
#1 /home/runner/CodeIgniter-4-Starter/system/View/Cell.php(71): CodeIgniter\View\Cell->determineClass('Navbar:show')
#2 /home/runner/CodeIgniter-4-Starter/system/Common.php(1105): CodeIgniter\View\Cell->render('Navbar::show', NULL, 0, NULL)
#3 /home/runner/CodeIgniter-4-Starter/app/Views/layouts/default.php(14): view_cell('Navbar::show')
#4 /home/runner/CodeIgniter-4-Starter/system/View/View.php(210): include('/home/runner/Co...')
#5 /home/runner/CodeIgniter-4-Starter/system/View/View.php(213): CodeIgniter\View\View->CodeIgniter\View\{closure}()
#6 /home/runner/CodeIgniter-4-Starter/system/View/View.php(226): CodeIgniter\View\View->render('layouts/default', Array, true)
#7 /home/runner/CodeIgniter-4-Starter/system/Common.php(1089): CodeIgniter\View\View->render('home', Array, true)
#8 /home/runner/CodeIgniter-4-Starter/app/Controllers/Home.php(10): view('home')
#9 /home/runner/CodeIgniter-4-Starter/system/CodeIgniter.php(832): App\Controllers\Home->index()
#10 /home/runner/CodeIgniter-4-Starter/system/CodeIgniter.php(419): CodeIgniter\CodeIgniter->runController(Object(App\Controllers\Home))
#11 /home/runner/CodeIgniter-4-Starter/system/CodeIgniter.php(326): CodeIgniter\CodeIgniter->handleRequest(NULL, Object(Config\Cache), false)
#12 /home/runner/CodeIgniter-4-Starter/public/index.php(39): CodeIgniter\CodeIgniter->run()
#13 {main}
CRITICAL - 2024-01-20 00:47:33 --> Unable to locate view cell class: Navbar.
#0 /home/runner/CodeIgniter-4-Starter/system/View/Cell.php(201): CodeIgniter\View\Exceptions\ViewException::forInvalidCellClass('Navbar')
#1 /home/runner/CodeIgniter-4-Starter/system/View/Cell.php(71): CodeIgniter\View\Cell->determineClass('Navbar:show')
#2 /home/runner/CodeIgniter-4-Starter/system/Common.php(1105): CodeIgniter\View\Cell->render('Navbar::show', NULL, 0, NULL)
#3 /home/runner/CodeIgniter-4-Starter/app/Views/layouts/default.php(14): view_cell('Navbar::show')
#4 /home/runner/CodeIgniter-4-Starter/system/View/View.php(210): include('/home/runner/Co...')
#5 /home/runner/CodeIgniter-4-Starter/system/View/View.php(213): CodeIgniter\View\View->CodeIgniter\View\{closure}()
#6 /home/runner/CodeIgniter-4-Starter/system/View/View.php(226): CodeIgniter\View\View->render('layouts/default', Array, true)
#7 /home/runner/CodeIgniter-4-Starter/system/Common.php(1089): CodeIgniter\View\View->render('home', Array, true)
#8 /home/runner/CodeIgniter-4-Starter/app/Controllers/Home.php(10): view('home')
#9 /home/runner/CodeIgniter-4-Starter/system/CodeIgniter.php(832): App\Controllers\Home->index()
#10 /home/runner/CodeIgniter-4-Starter/system/CodeIgniter.php(419): CodeIgniter\CodeIgniter->runController(Object(App\Controllers\Home))
#11 /home/runner/CodeIgniter-4-Starter/system/CodeIgniter.php(326): CodeIgniter\CodeIgniter->handleRequest(NULL, Object(Config\Cache), false)
#12 /home/runner/CodeIgniter-4-Starter/public/index.php(39): CodeIgniter\CodeIgniter->run()
#13 {main}
CRITICAL - 2024-01-20 02:22:58 --> Undefined variable $animeModel
#0 /workspace/CodeIgniter-4-Starter/app/Views/home.php(10): CodeIgniter\Debug\Exceptions->errorHandler()
#1 /workspace/CodeIgniter-4-Starter/system/View/View.php(210): include('...')
#2 /workspace/CodeIgniter-4-Starter/system/View/View.php(213): CodeIgniter\View\View->CodeIgniter\View\{closure}()
#3 /workspace/CodeIgniter-4-Starter/system/Common.php(1089): CodeIgniter\View\View->render()
#4 /workspace/CodeIgniter-4-Starter/app/Controllers/Home.php(10): view()
#5 /workspace/CodeIgniter-4-Starter/system/CodeIgniter.php(832): App\Controllers\Home->index()
#6 /workspace/CodeIgniter-4-Starter/system/CodeIgniter.php(419): CodeIgniter\CodeIgniter->runController()
#7 /workspace/CodeIgniter-4-Starter/system/CodeIgniter.php(326): CodeIgniter\CodeIgniter->handleRequest()
#8 /workspace/CodeIgniter-4-Starter/public/index.php(39): CodeIgniter\CodeIgniter->run()
#9 /workspace/CodeIgniter-4-Starter/system/Commands/Server/rewrite.php(43): require_once('...')
#10 {main}
CRITICAL - 2024-01-20 02:23:19 --> Undefined variable $animeModel
#0 /workspace/CodeIgniter-4-Starter/app/Views/home.php(10): CodeIgniter\Debug\Exceptions->errorHandler()
#1 /workspace/CodeIgniter-4-Starter/system/View/View.php(210): include('...')
#2 /workspace/CodeIgniter-4-Starter/system/View/View.php(213): CodeIgniter\View\View->CodeIgniter\View\{closure}()
#3 /workspace/CodeIgniter-4-Starter/system/Common.php(1089): CodeIgniter\View\View->render()
#4 /workspace/CodeIgniter-4-Starter/app/Controllers/Home.php(10): view()
#5 /workspace/CodeIgniter-4-Starter/system/CodeIgniter.php(832): App\Controllers\Home->index()
#6 /workspace/CodeIgniter-4-Starter/system/CodeIgniter.php(419): CodeIgniter\CodeIgniter->runController()
#7 /workspace/CodeIgniter-4-Starter/system/CodeIgniter.php(326): CodeIgniter\CodeIgniter->handleRequest()
#8 /workspace/CodeIgniter-4-Starter/public/index.php(39): CodeIgniter\CodeIgniter->run()
#9 /workspace/CodeIgniter-4-Starter/system/Commands/Server/rewrite.php(43): require_once('...')
#10 {main}
CRITICAL - 2024-01-20 02:23:31 --> Undefined variable $AnimeModel
#0 /workspace/CodeIgniter-4-Starter/app/Views/home.php(10): CodeIgniter\Debug\Exceptions->errorHandler()
#1 /workspace/CodeIgniter-4-Starter/system/View/View.php(210): include('...')
#2 /workspace/CodeIgniter-4-Starter/system/View/View.php(213): CodeIgniter\View\View->CodeIgniter\View\{closure}()
#3 /workspace/CodeIgniter-4-Starter/system/Common.php(1089): CodeIgniter\View\View->render()
#4 /workspace/CodeIgniter-4-Starter/app/Controllers/Home.php(10): view()
#5 /workspace/CodeIgniter-4-Starter/system/CodeIgniter.php(832): App\Controllers\Home->index()
#6 /workspace/CodeIgniter-4-Starter/system/CodeIgniter.php(419): CodeIgniter\CodeIgniter->runController()
#7 /workspace/CodeIgniter-4-Starter/system/CodeIgniter.php(326): CodeIgniter\CodeIgniter->handleRequest()
#8 /workspace/CodeIgniter-4-Starter/public/index.php(39): CodeIgniter\CodeIgniter->run()
#9 /workspace/CodeIgniter-4-Starter/system/Commands/Server/rewrite.php(43): require_once('...')
#10 {main}
CRITICAL - 2024-01-20 02:24:02 --> Undefined variable $animeModel
#0 /workspace/CodeIgniter-4-Starter/app/Views/home.php(11): CodeIgniter\Debug\Exceptions->errorHandler()
#1 /workspace/CodeIgniter-4-Starter/system/View/View.php(210): include('...')
#2 /workspace/CodeIgniter-4-Starter/system/View/View.php(213): CodeIgniter\View\View->CodeIgniter\View\{closure}()
#3 /workspace/CodeIgniter-4-Starter/system/Common.php(1089): CodeIgniter\View\View->render()
#4 /workspace/CodeIgniter-4-Starter/app/Controllers/Home.php(10): view()
#5 /workspace/CodeIgniter-4-Starter/system/CodeIgniter.php(832): App\Controllers\Home->index()
#6 /workspace/CodeIgniter-4-Starter/system/CodeIgniter.php(419): CodeIgniter\CodeIgniter->runController()
#7 /workspace/CodeIgniter-4-Starter/system/CodeIgniter.php(326): CodeIgniter\CodeIgniter->handleRequest()
#8 /workspace/CodeIgniter-4-Starter/public/index.php(39): CodeIgniter\CodeIgniter->run()
#9 /workspace/CodeIgniter-4-Starter/system/Commands/Server/rewrite.php(43): require_once('...')
#10 {main}
CRITICAL - 2024-01-20 02:24:05 --> Undefined variable $animeModel
#0 /workspace/CodeIgniter-4-Starter/app/Views/home.php(11): CodeIgniter\Debug\Exceptions->errorHandler()
#1 /workspace/CodeIgniter-4-Starter/system/View/View.php(210): include('...')
#2 /workspace/CodeIgniter-4-Starter/system/View/View.php(213): CodeIgniter\View\View->CodeIgniter\View\{closure}()
#3 /workspace/CodeIgniter-4-Starter/system/Common.php(1089): CodeIgniter\View\View->render()
#4 /workspace/CodeIgniter-4-Starter/app/Controllers/Home.php(10): view()
#5 /workspace/CodeIgniter-4-Starter/system/CodeIgniter.php(832): App\Controllers\Home->index()
#6 /workspace/CodeIgniter-4-Starter/system/CodeIgniter.php(419): CodeIgniter\CodeIgniter->runController()
#7 /workspace/CodeIgniter-4-Starter/system/CodeIgniter.php(326): CodeIgniter\CodeIgniter->handleRequest()
#8 /workspace/CodeIgniter-4-Starter/public/index.php(39): CodeIgniter\CodeIgniter->run()
#9 /workspace/CodeIgniter-4-Starter/system/Commands/Server/rewrite.php(43): require_once('...')
#10 {main}
CRITICAL - 2024-01-20 02:24:12 --> Undefined variable $animeModel
#0 /workspace/CodeIgniter-4-Starter/app/Views/home.php(11): CodeIgniter\Debug\Exceptions->errorHandler()
#1 /workspace/CodeIgniter-4-Starter/system/View/View.php(210): include('...')
#2 /workspace/CodeIgniter-4-Starter/system/View/View.php(213): CodeIgniter\View\View->CodeIgniter\View\{closure}()
#3 /workspace/CodeIgniter-4-Starter/system/Common.php(1089): CodeIgniter\View\View->render()
#4 /workspace/CodeIgniter-4-Starter/app/Controllers/Home.php(10): view()
#5 /workspace/CodeIgniter-4-Starter/system/CodeIgniter.php(832): App\Controllers\Home->index()
#6 /workspace/CodeIgniter-4-Starter/system/CodeIgniter.php(419): CodeIgniter\CodeIgniter->runController()
#7 /workspace/CodeIgniter-4-Starter/system/CodeIgniter.php(326): CodeIgniter\CodeIgniter->handleRequest()
#8 /workspace/CodeIgniter-4-Starter/public/index.php(39): CodeIgniter\CodeIgniter->run()
#9 /workspace/CodeIgniter-4-Starter/system/Commands/Server/rewrite.php(43): require_once('...')
#10 {main}
CRITICAL - 2024-01-20 02:24:25 --> Undefined variable $animeModel
#0 /workspace/CodeIgniter-4-Starter/app/Views/home.php(11): CodeIgniter\Debug\Exceptions->errorHandler()
#1 /workspace/CodeIgniter-4-Starter/system/View/View.php(210): include('...')
#2 /workspace/CodeIgniter-4-Starter/system/View/View.php(213): CodeIgniter\View\View->CodeIgniter\View\{closure}()
#3 /workspace/CodeIgniter-4-Starter/system/Common.php(1089): CodeIgniter\View\View->render()
#4 /workspace/CodeIgniter-4-Starter/app/Controllers/Home.php(10): view()
#5 /workspace/CodeIgniter-4-Starter/system/CodeIgniter.php(832): App\Controllers\Home->index()
#6 /workspace/CodeIgniter-4-Starter/system/CodeIgniter.php(419): CodeIgniter\CodeIgniter->runController()
#7 /workspace/CodeIgniter-4-Starter/system/CodeIgniter.php(326): CodeIgniter\CodeIgniter->handleRequest()
#8 /workspace/CodeIgniter-4-Starter/public/index.php(39): CodeIgniter\CodeIgniter->run()
#9 /workspace/CodeIgniter-4-Starter/system/Commands/Server/rewrite.php(43): require_once('...')
#10 {main}
CRITICAL - 2024-01-20 02:26:08 --> Undefined variable $animeModel
#0 /workspace/CodeIgniter-4-Starter/app/Views/home.php(11): CodeIgniter\Debug\Exceptions->errorHandler()
#1 /workspace/CodeIgniter-4-Starter/system/View/View.php(210): include('...')
#2 /workspace/CodeIgniter-4-Starter/system/View/View.php(213): CodeIgniter\View\View->CodeIgniter\View\{closure}()
#3 /workspace/CodeIgniter-4-Starter/system/Common.php(1089): CodeIgniter\View\View->render()
#4 /workspace/CodeIgniter-4-Starter/app/Controllers/Home.php(10): view()
#5 /workspace/CodeIgniter-4-Starter/system/CodeIgniter.php(832): App\Controllers\Home->index()
#6 /workspace/CodeIgniter-4-Starter/system/CodeIgniter.php(419): CodeIgniter\CodeIgniter->runController()
#7 /workspace/CodeIgniter-4-Starter/system/CodeIgniter.php(326): CodeIgniter\CodeIgniter->handleRequest()
#8 /workspace/CodeIgniter-4-Starter/public/index.php(39): CodeIgniter\CodeIgniter->run()
#9 /workspace/CodeIgniter-4-Starter/system/Commands/Server/rewrite.php(43): require_once('...')
#10 {main}
CRITICAL - 2024-01-20 02:26:25 --> Undefined variable $animeModel
#0 /workspace/CodeIgniter-4-Starter/app/Views/home.php(11): CodeIgniter\Debug\Exceptions->errorHandler()
#1 /workspace/CodeIgniter-4-Starter/system/View/View.php(210): include('...')
#2 /workspace/CodeIgniter-4-Starter/system/View/View.php(213): CodeIgniter\View\View->CodeIgniter\View\{closure}()
#3 /workspace/CodeIgniter-4-Starter/system/Common.php(1089): CodeIgniter\View\View->render()
#4 /workspace/CodeIgniter-4-Starter/app/Controllers/Home.php(10): view()
#5 /workspace/CodeIgniter-4-Starter/system/CodeIgniter.php(832): App\Controllers\Home->index()
#6 /workspace/CodeIgniter-4-Starter/system/CodeIgniter.php(419): CodeIgniter\CodeIgniter->runController()
#7 /workspace/CodeIgniter-4-Starter/system/CodeIgniter.php(326): CodeIgniter\CodeIgniter->handleRequest()
#8 /workspace/CodeIgniter-4-Starter/public/index.php(39): CodeIgniter\CodeIgniter->run()
#9 /workspace/CodeIgniter-4-Starter/system/Commands/Server/rewrite.php(43): require_once('...')
#10 {main}
CRITICAL - 2024-01-20 02:40:19 --> Attempt to read property "title" on array
#0 /workspace/CodeIgniter-4-Starter/app/Views/home.php(7): CodeIgniter\Debug\Exceptions->errorHandler()
#1 /workspace/CodeIgniter-4-Starter/system/View/View.php(210): include('...')
#2 /workspace/CodeIgniter-4-Starter/system/View/View.php(213): CodeIgniter\View\View->CodeIgniter\View\{closure}()
#3 /workspace/CodeIgniter-4-Starter/system/Common.php(1089): CodeIgniter\View\View->render()
#4 /workspace/CodeIgniter-4-Starter/app/Controllers/Home.php(11): view()
#5 /workspace/CodeIgniter-4-Starter/system/CodeIgniter.php(832): App\Controllers\Home->index()
#6 /workspace/CodeIgniter-4-Starter/system/CodeIgniter.php(419): CodeIgniter\CodeIgniter->runController()
#7 /workspace/CodeIgniter-4-Starter/system/CodeIgniter.php(326): CodeIgniter\CodeIgniter->handleRequest()
#8 /workspace/CodeIgniter-4-Starter/public/index.php(39): CodeIgniter\CodeIgniter->run()
#9 /workspace/CodeIgniter-4-Starter/system/Commands/Server/rewrite.php(43): require_once('...')
#10 {main}
CRITICAL - 2024-01-20 03:52:07 --> syntax error, unexpected token "if"
#0 /workspace/CodeIgniter-4-Starter/system/CodeIgniter.php(368): CodeIgniter\CodeIgniter->tryToRouteIt()
#1 /workspace/CodeIgniter-4-Starter/system/CodeIgniter.php(326): CodeIgniter\CodeIgniter->handleRequest()
#2 /workspace/CodeIgniter-4-Starter/public/index.php(39): CodeIgniter\CodeIgniter->run()
#3 /workspace/CodeIgniter-4-Starter/system/Commands/Server/rewrite.php(43): require_once('...')
#4 {main}
CRITICAL - 2024-01-20 03:52:57 --> Call to undefined method CodeIgniter\CodeIgniter::get()
#0 /workspace/CodeIgniter-4-Starter/system/Router/RouteCollection.php(607): CodeIgniter\CodeIgniter->Config\{closure}()
#1 /workspace/CodeIgniter-4-Starter/app/Config/Routes.php(35): CodeIgniter\Router\RouteCollection->group()
#2 /workspace/CodeIgniter-4-Starter/system/CodeIgniter.php(713): require('...')
#3 /workspace/CodeIgniter-4-Starter/system/CodeIgniter.php(368): CodeIgniter\CodeIgniter->tryToRouteIt()
#4 /workspace/CodeIgniter-4-Starter/system/CodeIgniter.php(326): CodeIgniter\CodeIgniter->handleRequest()
#5 /workspace/CodeIgniter-4-Starter/public/index.php(39): CodeIgniter\CodeIgniter->run()
#6 /workspace/CodeIgniter-4-Starter/system/Commands/Server/rewrite.php(43): require_once('...')
#7 {main}
CRITICAL - 2024-01-20 03:56:16 --> Invalid file: layout/default.php
#0 /workspace/CodeIgniter-4-Starter/system/View/View.php(198): CodeIgniter\Exceptions\FrameworkException::forInvalidFile()
#1 /workspace/CodeIgniter-4-Starter/system/View/View.php(226): CodeIgniter\View\View->render()
#2 /workspace/CodeIgniter-4-Starter/system/Common.php(1089): CodeIgniter\View\View->render()
#3 /workspace/CodeIgniter-4-Starter/app/Controllers/Admin.php(6): view()
#4 /workspace/CodeIgniter-4-Starter/system/CodeIgniter.php(832): App\Controllers\Admin->recent()
#5 /workspace/CodeIgniter-4-Starter/system/CodeIgniter.php(419): CodeIgniter\CodeIgniter->runController()
#6 /workspace/CodeIgniter-4-Starter/system/CodeIgniter.php(326): CodeIgniter\CodeIgniter->handleRequest()
#7 /workspace/CodeIgniter-4-Starter/public/index.php(39): CodeIgniter\CodeIgniter->run()
#8 /workspace/CodeIgniter-4-Starter/system/Commands/Server/rewrite.php(43): require_once('...')
#9 {main}
CRITICAL - 2024-01-20 04:10:09 --> Undefined array key "entry"
#0 /workspace/CodeIgniter-4-Starter/app/Views/admin.php(7): CodeIgniter\Debug\Exceptions->errorHandler()
#1 /workspace/CodeIgniter-4-Starter/system/View/View.php(210): include('...')
#2 /workspace/CodeIgniter-4-Starter/system/View/View.php(213): CodeIgniter\View\View->CodeIgniter\View\{closure}()
#3 /workspace/CodeIgniter-4-Starter/system/Common.php(1089): CodeIgniter\View\View->render()
#4 /workspace/CodeIgniter-4-Starter/app/Controllers/Admin.php(7): view()
#5 /workspace/CodeIgniter-4-Starter/system/CodeIgniter.php(832): App\Controllers\Admin->recent()
#6 /workspace/CodeIgniter-4-Starter/system/CodeIgniter.php(419): CodeIgniter\CodeIgniter->runController()
#7 /workspace/CodeIgniter-4-Starter/system/CodeIgniter.php(326): CodeIgniter\CodeIgniter->handleRequest()
#8 /workspace/CodeIgniter-4-Starter/public/index.php(39): CodeIgniter\CodeIgniter->run()
#9 /workspace/CodeIgniter-4-Starter/system/Commands/Server/rewrite.php(43): require_once('...')
#10 {main}
CRITICAL - 2024-01-20 04:13:41 --> Undefined variable $anime
#0 /workspace/CodeIgniter-4-Starter/app/Views/admin.php(7): CodeIgniter\Debug\Exceptions->errorHandler()
#1 /workspace/CodeIgniter-4-Starter/system/View/View.php(210): include('...')
#2 /workspace/CodeIgniter-4-Starter/system/View/View.php(213): CodeIgniter\View\View->CodeIgniter\View\{closure}()
#3 /workspace/CodeIgniter-4-Starter/system/Common.php(1089): CodeIgniter\View\View->render()
#4 /workspace/CodeIgniter-4-Starter/app/Controllers/Admin.php(7): view()
#5 /workspace/CodeIgniter-4-Starter/system/CodeIgniter.php(832): App\Controllers\Admin->recent()
#6 /workspace/CodeIgniter-4-Starter/system/CodeIgniter.php(419): CodeIgniter\CodeIgniter->runController()
#7 /workspace/CodeIgniter-4-Starter/system/CodeIgniter.php(326): CodeIgniter\CodeIgniter->handleRequest()
#8 /workspace/CodeIgniter-4-Starter/public/index.php(39): CodeIgniter\CodeIgniter->run()
#9 /workspace/CodeIgniter-4-Starter/system/Commands/Server/rewrite.php(43): require_once('...')
#10 {main}
CRITICAL - 2024-01-20 04:14:15 --> Undefined variable $anime
#0 /workspace/CodeIgniter-4-Starter/app/Views/admin.php(7): CodeIgniter\Debug\Exceptions->errorHandler()
#1 /workspace/CodeIgniter-4-Starter/system/View/View.php(210): include('...')
#2 /workspace/CodeIgniter-4-Starter/system/View/View.php(213): CodeIgniter\View\View->CodeIgniter\View\{closure}()
#3 /workspace/CodeIgniter-4-Starter/system/Common.php(1089): CodeIgniter\View\View->render()
#4 /workspace/CodeIgniter-4-Starter/app/Controllers/Admin.php(7): view()
#5 /workspace/CodeIgniter-4-Starter/system/CodeIgniter.php(832): App\Controllers\Admin->recent()
#6 /workspace/CodeIgniter-4-Starter/system/CodeIgniter.php(419): CodeIgniter\CodeIgniter->runController()
#7 /workspace/CodeIgniter-4-Starter/system/CodeIgniter.php(326): CodeIgniter\CodeIgniter->handleRequest()
#8 /workspace/CodeIgniter-4-Starter/public/index.php(39): CodeIgniter\CodeIgniter->run()
#9 /workspace/CodeIgniter-4-Starter/system/Commands/Server/rewrite.php(43): require_once('...')
#10 {main}
CRITICAL - 2024-01-20 04:15:02 --> Undefined variable $anime
#0 /workspace/CodeIgniter-4-Starter/app/Views/admin.php(7): CodeIgniter\Debug\Exceptions->errorHandler()
#1 /workspace/CodeIgniter-4-Starter/system/View/View.php(210): include('...')
#2 /workspace/CodeIgniter-4-Starter/system/View/View.php(213): CodeIgniter\View\View->CodeIgniter\View\{closure}()
#3 /workspace/CodeIgniter-4-Starter/system/Common.php(1089): CodeIgniter\View\View->render()
#4 /workspace/CodeIgniter-4-Starter/app/Controllers/Admin.php(7): view()
#5 /workspace/CodeIgniter-4-Starter/system/CodeIgniter.php(832): App\Controllers\Admin->recent()
#6 /workspace/CodeIgniter-4-Starter/system/CodeIgniter.php(419): CodeIgniter\CodeIgniter->runController()
#7 /workspace/CodeIgniter-4-Starter/system/CodeIgniter.php(326): CodeIgniter\CodeIgniter->handleRequest()
#8 /workspace/CodeIgniter-4-Starter/public/index.php(39): CodeIgniter\CodeIgniter->run()
#9 /workspace/CodeIgniter-4-Starter/system/Commands/Server/rewrite.php(43): require_once('...')
#10 {main}
CRITICAL - 2024-01-20 04:16:26 --> Undefined array key "title"
#0 /workspace/CodeIgniter-4-Starter/app/Views/admin.php(8): CodeIgniter\Debug\Exceptions->errorHandler()
#1 /workspace/CodeIgniter-4-Starter/system/View/View.php(210): include('...')
#2 /workspace/CodeIgniter-4-Starter/system/View/View.php(213): CodeIgniter\View\View->CodeIgniter\View\{closure}()
#3 /workspace/CodeIgniter-4-Starter/system/Common.php(1089): CodeIgniter\View\View->render()
#4 /workspace/CodeIgniter-4-Starter/app/Controllers/Admin.php(7): view()
#5 /workspace/CodeIgniter-4-Starter/system/CodeIgniter.php(832): App\Controllers\Admin->recent()
#6 /workspace/CodeIgniter-4-Starter/system/CodeIgniter.php(419): CodeIgniter\CodeIgniter->runController()
#7 /workspace/CodeIgniter-4-Starter/system/CodeIgniter.php(326): CodeIgniter\CodeIgniter->handleRequest()
#8 /workspace/CodeIgniter-4-Starter/public/index.php(39): CodeIgniter\CodeIgniter->run()
#9 /workspace/CodeIgniter-4-Starter/system/Commands/Server/rewrite.php(43): require_once('...')
#10 {main}
CRITICAL - 2024-01-20 04:24:16 --> Undefined array key "image"
#0 /workspace/CodeIgniter-4-Starter/app/Views/components/card.php(2): CodeIgniter\Debug\Exceptions->errorHandler()
#1 /workspace/CodeIgniter-4-Starter/system/View/View.php(210): include('...')
#2 /workspace/CodeIgniter-4-Starter/system/View/View.php(213): CodeIgniter\View\View->CodeIgniter\View\{closure}()
#3 /workspace/CodeIgniter-4-Starter/system/Common.php(1089): CodeIgniter\View\View->render()
#4 /workspace/CodeIgniter-4-Starter/app/Libraries/Card.php(6): view()
#5 /workspace/CodeIgniter-4-Starter/system/View/Cell.php(129): App\Libraries\Card->show()
#6 /workspace/CodeIgniter-4-Starter/system/Common.php(1105): CodeIgniter\View\Cell->render()
#7 /workspace/CodeIgniter-4-Starter/app/Views/admin.php(9): view_cell()
#8 /workspace/CodeIgniter-4-Starter/system/View/View.php(210): include('...')
#9 /workspace/CodeIgniter-4-Starter/system/View/View.php(213): CodeIgniter\View\View->CodeIgniter\View\{closure}()
#10 /workspace/CodeIgniter-4-Starter/system/Common.php(1089): CodeIgniter\View\View->render()
#11 /workspace/CodeIgniter-4-Starter/app/Controllers/Admin.php(7): view()
#12 /workspace/CodeIgniter-4-Starter/system/CodeIgniter.php(832): App\Controllers\Admin->recent()
#13 /workspace/CodeIgniter-4-Starter/system/CodeIgniter.php(419): CodeIgniter\CodeIgniter->runController()
#14 /workspace/CodeIgniter-4-Starter/system/CodeIgniter.php(326): CodeIgniter\CodeIgniter->handleRequest()
#15 /workspace/CodeIgniter-4-Starter/public/index.php(39): CodeIgniter\CodeIgniter->run()
#16 /workspace/CodeIgniter-4-Starter/system/Commands/Server/rewrite.php(43): require_once('...')
#17 {main}
CRITICAL - 2024-01-20 04:27:19 --> Undefined array key "image"
#0 /workspace/CodeIgniter-4-Starter/app/Views/components/card.php(2): CodeIgniter\Debug\Exceptions->errorHandler()
#1 /workspace/CodeIgniter-4-Starter/system/View/View.php(210): include('...')
#2 /workspace/CodeIgniter-4-Starter/system/View/View.php(213): CodeIgniter\View\View->CodeIgniter\View\{closure}()
#3 /workspace/CodeIgniter-4-Starter/system/Common.php(1089): CodeIgniter\View\View->render()
#4 /workspace/CodeIgniter-4-Starter/app/Libraries/Card.php(6): view()
#5 /workspace/CodeIgniter-4-Starter/system/View/Cell.php(129): App\Libraries\Card->show()
#6 /workspace/CodeIgniter-4-Starter/system/Common.php(1105): CodeIgniter\View\Cell->render()
#7 /workspace/CodeIgniter-4-Starter/app/Views/admin.php(9): view_cell()
#8 /workspace/CodeIgniter-4-Starter/system/View/View.php(210): include('...')
#9 /workspace/CodeIgniter-4-Starter/system/View/View.php(213): CodeIgniter\View\View->CodeIgniter\View\{closure}()
#10 /workspace/CodeIgniter-4-Starter/system/Common.php(1089): CodeIgniter\View\View->render()
#11 /workspace/CodeIgniter-4-Starter/app/Controllers/Admin.php(7): view()
#12 /workspace/CodeIgniter-4-Starter/system/CodeIgniter.php(832): App\Controllers\Admin->recent()
#13 /workspace/CodeIgniter-4-Starter/system/CodeIgniter.php(419): CodeIgniter\CodeIgniter->runController()
#14 /workspace/CodeIgniter-4-Starter/system/CodeIgniter.php(326): CodeIgniter\CodeIgniter->handleRequest()
#15 /workspace/CodeIgniter-4-Starter/public/index.php(39): CodeIgniter\CodeIgniter->run()
#16 /workspace/CodeIgniter-4-Starter/system/Commands/Server/rewrite.php(43): require_once('...')
#17 {main}
CRITICAL - 2024-01-20 04:28:52 --> Undefined array key "type"
#0 /workspace/CodeIgniter-4-Starter/app/Views/components/card.php(5): CodeIgniter\Debug\Exceptions->errorHandler()
#1 /workspace/CodeIgniter-4-Starter/system/View/View.php(210): include('...')
#2 /workspace/CodeIgniter-4-Starter/system/View/View.php(213): CodeIgniter\View\View->CodeIgniter\View\{closure}()
#3 /workspace/CodeIgniter-4-Starter/system/Common.php(1089): CodeIgniter\View\View->render()
#4 /workspace/CodeIgniter-4-Starter/app/Libraries/Card.php(6): view()
#5 /workspace/CodeIgniter-4-Starter/system/View/Cell.php(129): App\Libraries\Card->show()
#6 /workspace/CodeIgniter-4-Starter/system/Common.php(1105): CodeIgniter\View\Cell->render()
#7 /workspace/CodeIgniter-4-Starter/app/Views/admin.php(9): view_cell()
#8 /workspace/CodeIgniter-4-Starter/system/View/View.php(210): include('...')
#9 /workspace/CodeIgniter-4-Starter/system/View/View.php(213): CodeIgniter\View\View->CodeIgniter\View\{closure}()
#10 /workspace/CodeIgniter-4-Starter/system/Common.php(1089): CodeIgniter\View\View->render()
#11 /workspace/CodeIgniter-4-Starter/app/Controllers/Admin.php(7): view()
#12 /workspace/CodeIgniter-4-Starter/system/CodeIgniter.php(832): App\Controllers\Admin->recent()
#13 /workspace/CodeIgniter-4-Starter/system/CodeIgniter.php(419): CodeIgniter\CodeIgniter->runController()
#14 /workspace/CodeIgniter-4-Starter/system/CodeIgniter.php(326): CodeIgniter\CodeIgniter->handleRequest()
#15 /workspace/CodeIgniter-4-Starter/public/index.php(39): CodeIgniter\CodeIgniter->run()
#16 /workspace/CodeIgniter-4-Starter/system/Commands/Server/rewrite.php(43): require_once('...')
#17 {main}
CRITICAL - 2024-01-20 04:51:57 --> Can't use method return value in write context
#0 [internal function]: CodeIgniter\Debug\Exceptions->shutdownHandler()
#1 {main}
CRITICAL - 2024-01-20 04:52:11 --> Too few arguments to function CodeIgniter\Router\RouteCollection::get(), 1 passed in /workspace/CodeIgniter-4-Starter/app/Config/Routes.php on line 37 and at least 2 expected
#0 /workspace/CodeIgniter-4-Starter/app/Config/Routes.php(37): CodeIgniter\Router\RouteCollection->get()
#1 /workspace/CodeIgniter-4-Starter/system/Router/RouteCollection.php(607): CodeIgniter\CodeIgniter->Config\{closure}()
#2 /workspace/CodeIgniter-4-Starter/app/Config/Routes.php(35): CodeIgniter\Router\RouteCollection->group()
#3 /workspace/CodeIgniter-4-Starter/system/CodeIgniter.php(713): require('...')
#4 /workspace/CodeIgniter-4-Starter/system/CodeIgniter.php(368): CodeIgniter\CodeIgniter->tryToRouteIt()
#5 /workspace/CodeIgniter-4-Starter/system/CodeIgniter.php(326): CodeIgniter\CodeIgniter->handleRequest()
#6 /workspace/CodeIgniter-4-Starter/public/index.php(39): CodeIgniter\CodeIgniter->run()
#7 /workspace/CodeIgniter-4-Starter/system/Commands/Server/rewrite.php(43): require_once('...')
#8 {main}
CRITICAL - 2024-01-20 04:53:03 --> Too few arguments to function App\Controllers\Admin::anime(), 0 passed in /workspace/CodeIgniter-4-Starter/system/CodeIgniter.php on line 832 and exactly 1 expected
#0 /workspace/CodeIgniter-4-Starter/system/CodeIgniter.php(832): App\Controllers\Admin->anime()
#1 /workspace/CodeIgniter-4-Starter/system/CodeIgniter.php(419): CodeIgniter\CodeIgniter->runController()
#2 /workspace/CodeIgniter-4-Starter/system/CodeIgniter.php(326): CodeIgniter\CodeIgniter->handleRequest()
#3 /workspace/CodeIgniter-4-Starter/public/index.php(39): CodeIgniter\CodeIgniter->run()
#4 /workspace/CodeIgniter-4-Starter/system/Commands/Server/rewrite.php(43): require_once('...')
#5 {main}
CRITICAL - 2024-01-20 05:17:36 --> Call to undefined function App\Controllers\fetchAnimeInfo()
#0 /workspace/CodeIgniter-4-Starter/system/CodeIgniter.php(832): App\Controllers\Admin->anime()
#1 /workspace/CodeIgniter-4-Starter/system/CodeIgniter.php(419): CodeIgniter\CodeIgniter->runController()
#2 /workspace/CodeIgniter-4-Starter/system/CodeIgniter.php(326): CodeIgniter\CodeIgniter->handleRequest()
#3 /workspace/CodeIgniter-4-Starter/public/index.php(39): CodeIgniter\CodeIgniter->run()
#4 /workspace/CodeIgniter-4-Starter/system/Commands/Server/rewrite.php(43): require_once('...')
#5 {main}
CRITICAL - 2024-01-20 05:18:24 --> Call to undefined function App\Controllers\fetchAnimeInfo()
#0 /workspace/CodeIgniter-4-Starter/system/CodeIgniter.php(832): App\Controllers\Admin->anime()
#1 /workspace/CodeIgniter-4-Starter/system/CodeIgniter.php(419): CodeIgniter\CodeIgniter->runController()
#2 /workspace/CodeIgniter-4-Starter/system/CodeIgniter.php(326): CodeIgniter\CodeIgniter->handleRequest()
#3 /workspace/CodeIgniter-4-Starter/public/index.php(39): CodeIgniter\CodeIgniter->run()
#4 /workspace/CodeIgniter-4-Starter/system/Commands/Server/rewrite.php(43): require_once('...')
#5 {main}
CRITICAL - 2024-01-20 05:18:59 --> Call to undefined function App\Controllers\fetchAnimeInfo()
#0 /workspace/CodeIgniter-4-Starter/system/CodeIgniter.php(832): App\Controllers\Admin->anime()
#1 /workspace/CodeIgniter-4-Starter/system/CodeIgniter.php(419): CodeIgniter\CodeIgniter->runController()
#2 /workspace/CodeIgniter-4-Starter/system/CodeIgniter.php(326): CodeIgniter\CodeIgniter->handleRequest()
#3 /workspace/CodeIgniter-4-Starter/public/index.php(39): CodeIgniter\CodeIgniter->run()
#4 /workspace/CodeIgniter-4-Starter/system/Commands/Server/rewrite.php(43): require_once('...')
#5 {main}
CRITICAL - 2024-01-20 05:19:17 --> Call to undefined function App\Controllers\fetchAnimeInfo()
#0 /workspace/CodeIgniter-4-Starter/system/CodeIgniter.php(832): App\Controllers\Admin->anime()
#1 /workspace/CodeIgniter-4-Starter/system/CodeIgniter.php(419): CodeIgniter\CodeIgniter->runController()
#2 /workspace/CodeIgniter-4-Starter/system/CodeIgniter.php(326): CodeIgniter\CodeIgniter->handleRequest()
#3 /workspace/CodeIgniter-4-Starter/public/index.php(39): CodeIgniter\CodeIgniter->run()
#4 /workspace/CodeIgniter-4-Starter/system/Commands/Server/rewrite.php(43): require_once('...')
#5 {main}
CRITICAL - 2024-01-20 05:20:12 --> Call to undefined function App\Controllers\fetchAnimeInfo()
#0 /workspace/CodeIgniter-4-Starter/system/CodeIgniter.php(832): App\Controllers\Admin->anime()
#1 /workspace/CodeIgniter-4-Starter/system/CodeIgniter.php(419): CodeIgniter\CodeIgniter->runController()
#2 /workspace/CodeIgniter-4-Starter/system/CodeIgniter.php(326): CodeIgniter\CodeIgniter->handleRequest()
#3 /workspace/CodeIgniter-4-Starter/public/index.php(39): CodeIgniter\CodeIgniter->run()
#4 /workspace/CodeIgniter-4-Starter/system/Commands/Server/rewrite.php(43): require_once('...')
#5 {main}
CRITICAL - 2024-01-20 05:38:24 --> Attempt to read property "jpg" on array
#0 /workspace/CodeIgniter-4-Starter/app/Views/singleAnime.php(6): CodeIgniter\Debug\Exceptions->errorHandler()
#1 /workspace/CodeIgniter-4-Starter/system/View/View.php(210): include('...')
#2 /workspace/CodeIgniter-4-Starter/system/View/View.php(213): CodeIgniter\View\View->CodeIgniter\View\{closure}()
#3 /workspace/CodeIgniter-4-Starter/system/Common.php(1089): CodeIgniter\View\View->render()
#4 /workspace/CodeIgniter-4-Starter/app/Controllers/Admin.php(14): view()
#5 /workspace/CodeIgniter-4-Starter/system/CodeIgniter.php(832): App\Controllers\Admin->anime()
#6 /workspace/CodeIgniter-4-Starter/system/CodeIgniter.php(419): CodeIgniter\CodeIgniter->runController()
#7 /workspace/CodeIgniter-4-Starter/system/CodeIgniter.php(326): CodeIgniter\CodeIgniter->handleRequest()
#8 /workspace/CodeIgniter-4-Starter/public/index.php(39): CodeIgniter\CodeIgniter->run()
#9 /workspace/CodeIgniter-4-Starter/system/Commands/Server/rewrite.php(43): require_once('...')
#10 {main}
CRITICAL - 2024-01-20 05:38:38 --> Attempt to read property "jpg" on array
#0 /workspace/CodeIgniter-4-Starter/app/Views/singleAnime.php(6): CodeIgniter\Debug\Exceptions->errorHandler()
#1 /workspace/CodeIgniter-4-Starter/system/View/View.php(210): include('...')
#2 /workspace/CodeIgniter-4-Starter/system/View/View.php(213): CodeIgniter\View\View->CodeIgniter\View\{closure}()
#3 /workspace/CodeIgniter-4-Starter/system/Common.php(1089): CodeIgniter\View\View->render()
#4 /workspace/CodeIgniter-4-Starter/app/Controllers/Admin.php(14): view()
#5 /workspace/CodeIgniter-4-Starter/system/CodeIgniter.php(832): App\Controllers\Admin->anime()
#6 /workspace/CodeIgniter-4-Starter/system/CodeIgniter.php(419): CodeIgniter\CodeIgniter->runController()
#7 /workspace/CodeIgniter-4-Starter/system/CodeIgniter.php(326): CodeIgniter\CodeIgniter->handleRequest()
#8 /workspace/CodeIgniter-4-Starter/public/index.php(39): CodeIgniter\CodeIgniter->run()
#9 /workspace/CodeIgniter-4-Starter/system/Commands/Server/rewrite.php(43): require_once('...')
#10 {main}
CRITICAL - 2024-01-20 05:40:04 --> Attempt to read property "jpg" on array
#0 /workspace/CodeIgniter-4-Starter/app/Views/singleAnime.php(8): CodeIgniter\Debug\Exceptions->errorHandler()
#1 /workspace/CodeIgniter-4-Starter/system/View/View.php(210): include('...')
#2 /workspace/CodeIgniter-4-Starter/system/View/View.php(213): CodeIgniter\View\View->CodeIgniter\View\{closure}()
#3 /workspace/CodeIgniter-4-Starter/system/Common.php(1089): CodeIgniter\View\View->render()
#4 /workspace/CodeIgniter-4-Starter/app/Controllers/Admin.php(14): view()
#5 /workspace/CodeIgniter-4-Starter/system/CodeIgniter.php(832): App\Controllers\Admin->anime()
#6 /workspace/CodeIgniter-4-Starter/system/CodeIgniter.php(419): CodeIgniter\CodeIgniter->runController()
#7 /workspace/CodeIgniter-4-Starter/system/CodeIgniter.php(326): CodeIgniter\CodeIgniter->handleRequest()
#8 /workspace/CodeIgniter-4-Starter/public/index.php(39): CodeIgniter\CodeIgniter->run()
#9 /workspace/CodeIgniter-4-Starter/system/Commands/Server/rewrite.php(43): require_once('...')
#10 {main}
CRITICAL - 2024-01-20 13:13:00 --> Creation of dynamic property App\Controllers\Admin::$session is deprecated
#0 /workspace/CodeIgniter-4-Starter/app/Controllers/BaseController.php(48): CodeIgniter\Debug\Exceptions->errorHandler()
#1 /workspace/CodeIgniter-4-Starter/system/CodeIgniter.php(810): App\Controllers\BaseController->initController()
#2 /workspace/CodeIgniter-4-Starter/system/CodeIgniter.php(410): CodeIgniter\CodeIgniter->createController()
#3 /workspace/CodeIgniter-4-Starter/system/CodeIgniter.php(326): CodeIgniter\CodeIgniter->handleRequest()
#4 /workspace/CodeIgniter-4-Starter/public/index.php(39): CodeIgniter\CodeIgniter->run()
#5 /workspace/CodeIgniter-4-Starter/system/Commands/Server/rewrite.php(43): require_once('...')
#6 {main}
CRITICAL - 2024-01-20 13:13:40 --> Too few arguments to function App\Controllers\Admin::auth(), 0 passed in /workspace/CodeIgniter-4-Starter/system/CodeIgniter.php on line 832 and exactly 1 expected
#0 /workspace/CodeIgniter-4-Starter/system/CodeIgniter.php(832): App\Controllers\Admin->auth()
#1 /workspace/CodeIgniter-4-Starter/system/CodeIgniter.php(419): CodeIgniter\CodeIgniter->runController()
#2 /workspace/CodeIgniter-4-Starter/system/CodeIgniter.php(326): CodeIgniter\CodeIgniter->handleRequest()
#3 /workspace/CodeIgniter-4-Starter/public/index.php(39): CodeIgniter\CodeIgniter->run()
#4 /workspace/CodeIgniter-4-Starter/system/Commands/Server/rewrite.php(43): require_once('...')
#5 {main}
CRITICAL - 2024-01-20 13:14:09 --> Undefined property: App\Controllers\Admin::$input
#0 /workspace/CodeIgniter-4-Starter/app/Controllers/Admin.php(12): CodeIgniter\Debug\Exceptions->errorHandler()
#1 /workspace/CodeIgniter-4-Starter/system/CodeIgniter.php(832): App\Controllers\Admin->auth()
#2 /workspace/CodeIgniter-4-Starter/system/CodeIgniter.php(419): CodeIgniter\CodeIgniter->runController()
#3 /workspace/CodeIgniter-4-Starter/system/CodeIgniter.php(326): CodeIgniter\CodeIgniter->handleRequest()
#4 /workspace/CodeIgniter-4-Starter/public/index.php(39): CodeIgniter\CodeIgniter->run()
#5 /workspace/CodeIgniter-4-Starter/system/Commands/Server/rewrite.php(43): require_once('...')
#6 {main}
CRITICAL - 2024-01-20 13:15:36 --> Undefined property: App\Controllers\Admin::$session
#0 /workspace/CodeIgniter-4-Starter/app/Controllers/Admin.php(16): CodeIgniter\Debug\Exceptions->errorHandler()
#1 /workspace/CodeIgniter-4-Starter/system/CodeIgniter.php(832): App\Controllers\Admin->auth()
#2 /workspace/CodeIgniter-4-Starter/system/CodeIgniter.php(419): CodeIgniter\CodeIgniter->runController()
#3 /workspace/CodeIgniter-4-Starter/system/CodeIgniter.php(326): CodeIgniter\CodeIgniter->handleRequest()
#4 /workspace/CodeIgniter-4-Starter/public/index.php(39): CodeIgniter\CodeIgniter->run()
#5 /workspace/CodeIgniter-4-Starter/system/Commands/Server/rewrite.php(43): require_once('...')
#6 {main}
CRITICAL - 2024-01-20 13:17:45 --> Creation of dynamic property App\Controllers\Admin::$session is deprecated
#0 /workspace/CodeIgniter-4-Starter/app/Controllers/BaseController.php(49): CodeIgniter\Debug\Exceptions->errorHandler()
#1 /workspace/CodeIgniter-4-Starter/system/CodeIgniter.php(810): App\Controllers\BaseController->initController()
#2 /workspace/CodeIgniter-4-Starter/system/CodeIgniter.php(410): CodeIgniter\CodeIgniter->createController()
#3 /workspace/CodeIgniter-4-Starter/system/CodeIgniter.php(326): CodeIgniter\CodeIgniter->handleRequest()
#4 /workspace/CodeIgniter-4-Starter/public/index.php(39): CodeIgniter\CodeIgniter->run()
#5 /workspace/CodeIgniter-4-Starter/system/Commands/Server/rewrite.php(43): require_once('...')
#6 {main}
CRITICAL - 2024-01-20 13:26:22 --> Undefined property: App\Controllers\Admin::$input
#0 /workspace/CodeIgniter-4-Starter/app/Controllers/Admin.php(12): CodeIgniter\Debug\Exceptions->errorHandler()
#1 /workspace/CodeIgniter-4-Starter/system/CodeIgniter.php(832): App\Controllers\Admin->auth()
#2 /workspace/CodeIgniter-4-Starter/system/CodeIgniter.php(419): CodeIgniter\CodeIgniter->runController()
#3 /workspace/CodeIgniter-4-Starter/system/CodeIgniter.php(326): CodeIgniter\CodeIgniter->handleRequest()
#4 /workspace/CodeIgniter-4-Starter/public/index.php(39): CodeIgniter\CodeIgniter->run()
#5 /workspace/CodeIgniter-4-Starter/system/Commands/Server/rewrite.php(43): require_once('...')
#6 {main}
CRITICAL - 2024-01-20 13:31:44 --> Undefined property: App\Controllers\Admin::$input
#0 /workspace/CodeIgniter-4-Starter/app/Controllers/Admin.php(12): CodeIgniter\Debug\Exceptions->errorHandler()
#1 /workspace/CodeIgniter-4-Starter/system/CodeIgniter.php(832): App\Controllers\Admin->auth()
#2 /workspace/CodeIgniter-4-Starter/system/CodeIgniter.php(419): CodeIgniter\CodeIgniter->runController()
#3 /workspace/CodeIgniter-4-Starter/system/CodeIgniter.php(326): CodeIgniter\CodeIgniter->handleRequest()
#4 /workspace/CodeIgniter-4-Starter/public/index.php(39): CodeIgniter\CodeIgniter->run()
#5 /workspace/CodeIgniter-4-Starter/system/Commands/Server/rewrite.php(43): require_once('...')
#6 {main}
CRITICAL - 2024-01-20 13:32:11 --> syntax error, unexpected token "}"
#0 /workspace/CodeIgniter-4-Starter/system/Autoloader/Autoloader.php(241): CodeIgniter\Autoloader\Autoloader->includeFile()
#1 /workspace/CodeIgniter-4-Starter/system/Autoloader/Autoloader.php(219): CodeIgniter\Autoloader\Autoloader->loadInNamespace()
#2 [internal function]: CodeIgniter\Autoloader\Autoloader->loadClass()
#3 /workspace/CodeIgniter-4-Starter/system/CodeIgniter.php(797): class_exists()
#4 /workspace/CodeIgniter-4-Starter/system/CodeIgniter.php(406): CodeIgniter\CodeIgniter->startController()
#5 /workspace/CodeIgniter-4-Starter/system/CodeIgniter.php(326): CodeIgniter\CodeIgniter->handleRequest()
#6 /workspace/CodeIgniter-4-Starter/public/index.php(39): CodeIgniter\CodeIgniter->run()
#7 /workspace/CodeIgniter-4-Starter/system/Commands/Server/rewrite.php(43): require_once('...')
#8 {main}
CRITICAL - 2024-01-20 13:33:04 --> Call to undefined method App\Controllers\Admin::post()
#0 /workspace/CodeIgniter-4-Starter/system/CodeIgniter.php(832): App\Controllers\Admin->auth()
#1 /workspace/CodeIgniter-4-Starter/system/CodeIgniter.php(419): CodeIgniter\CodeIgniter->runController()
#2 /workspace/CodeIgniter-4-Starter/system/CodeIgniter.php(326): CodeIgniter\CodeIgniter->handleRequest()
#3 /workspace/CodeIgniter-4-Starter/public/index.php(39): CodeIgniter\CodeIgniter->run()
#4 /workspace/CodeIgniter-4-Starter/system/Commands/Server/rewrite.php(43): require_once('...')
#5 {main}
CRITICAL - 2024-01-20 13:33:16 --> Undefined property: App\Controllers\Admin::$post
#0 /workspace/CodeIgniter-4-Starter/app/Controllers/Admin.php(13): CodeIgniter\Debug\Exceptions->errorHandler()
#1 /workspace/CodeIgniter-4-Starter/system/CodeIgniter.php(832): App\Controllers\Admin->auth()
#2 /workspace/CodeIgniter-4-Starter/system/CodeIgniter.php(419): CodeIgniter\CodeIgniter->runController()
#3 /workspace/CodeIgniter-4-Starter/system/CodeIgniter.php(326): CodeIgniter\CodeIgniter->handleRequest()
#4 /workspace/CodeIgniter-4-Starter/public/index.php(39): CodeIgniter\CodeIgniter->run()
#5 /workspace/CodeIgniter-4-Starter/system/Commands/Server/rewrite.php(43): require_once('...')
#6 {main}
CRITICAL - 2024-01-20 13:33:44 --> Undefined global variable $_SESSION
#0 /workspace/CodeIgniter-4-Starter/app/Controllers/Admin.php(13): CodeIgniter\Debug\Exceptions->errorHandler()
#1 /workspace/CodeIgniter-4-Starter/system/CodeIgniter.php(832): App\Controllers\Admin->auth()
#2 /workspace/CodeIgniter-4-Starter/system/CodeIgniter.php(419): CodeIgniter\CodeIgniter->runController()
#3 /workspace/CodeIgniter-4-Starter/system/CodeIgniter.php(326): CodeIgniter\CodeIgniter->handleRequest()
#4 /workspace/CodeIgniter-4-Starter/public/index.php(39): CodeIgniter\CodeIgniter->run()
#5 /workspace/CodeIgniter-4-Starter/system/Commands/Server/rewrite.php(43): require_once('...')
#6 {main}
CRITICAL - 2024-01-20 13:33:50 --> Undefined global variable $_SESSION
#0 /workspace/CodeIgniter-4-Starter/app/Controllers/Admin.php(13): CodeIgniter\Debug\Exceptions->errorHandler()
#1 /workspace/CodeIgniter-4-Starter/system/CodeIgniter.php(832): App\Controllers\Admin->auth()
#2 /workspace/CodeIgniter-4-Starter/system/CodeIgniter.php(419): CodeIgniter\CodeIgniter->runController()
#3 /workspace/CodeIgniter-4-Starter/system/CodeIgniter.php(326): CodeIgniter\CodeIgniter->handleRequest()
#4 /workspace/CodeIgniter-4-Starter/public/index.php(39): CodeIgniter\CodeIgniter->run()
#5 /workspace/CodeIgniter-4-Starter/system/Commands/Server/rewrite.php(43): require_once('...')
#6 {main}
CRITICAL - 2024-01-20 13:38:12 --> Undefined variable $error
#0 /workspace/CodeIgniter-4-Starter/app/Views/admin-panel.php(6): CodeIgniter\Debug\Exceptions->errorHandler()
#1 /workspace/CodeIgniter-4-Starter/system/View/View.php(210): include('...')
#2 /workspace/CodeIgniter-4-Starter/system/View/View.php(213): CodeIgniter\View\View->CodeIgniter\View\{closure}()
#3 /workspace/CodeIgniter-4-Starter/system/Common.php(1089): CodeIgniter\View\View->render()
#4 /workspace/CodeIgniter-4-Starter/app/Controllers/Admin.php(8): view()
#5 /workspace/CodeIgniter-4-Starter/system/CodeIgniter.php(832): App\Controllers\Admin->index()
#6 /workspace/CodeIgniter-4-Starter/system/CodeIgniter.php(419): CodeIgniter\CodeIgniter->runController()
#7 /workspace/CodeIgniter-4-Starter/system/CodeIgniter.php(326): CodeIgniter\CodeIgniter->handleRequest()
#8 /workspace/CodeIgniter-4-Starter/public/index.php(39): CodeIgniter\CodeIgniter->run()
#9 /workspace/CodeIgniter-4-Starter/system/Commands/Server/rewrite.php(43): require_once('...')
#10 {main}
CRITICAL - 2024-01-20 13:38:28 --> Undefined variable $error
#0 /workspace/CodeIgniter-4-Starter/app/Views/admin-panel.php(6): CodeIgniter\Debug\Exceptions->errorHandler()
#1 /workspace/CodeIgniter-4-Starter/system/View/View.php(210): include('...')
#2 /workspace/CodeIgniter-4-Starter/system/View/View.php(213): CodeIgniter\View\View->CodeIgniter\View\{closure}()
#3 /workspace/CodeIgniter-4-Starter/system/Common.php(1089): CodeIgniter\View\View->render()
#4 /workspace/CodeIgniter-4-Starter/app/Controllers/Admin.php(8): view()
#5 /workspace/CodeIgniter-4-Starter/system/CodeIgniter.php(832): App\Controllers\Admin->index()
#6 /workspace/CodeIgniter-4-Starter/system/CodeIgniter.php(419): CodeIgniter\CodeIgniter->runController()
#7 /workspace/CodeIgniter-4-Starter/system/CodeIgniter.php(326): CodeIgniter\CodeIgniter->handleRequest()
#8 /workspace/CodeIgniter-4-Starter/public/index.php(39): CodeIgniter\CodeIgniter->run()
#9 /workspace/CodeIgniter-4-Starter/system/Commands/Server/rewrite.php(43): require_once('...')
#10 {main}
CRITICAL - 2024-01-20 13:38:39 --> CodeIgniter\HTTP\RedirectResponse::with(): Argument #1 ($key) must be of type string, array given, called in /workspace/CodeIgniter-4-Starter/app/Controllers/Admin.php on line 17
#0 /workspace/CodeIgniter-4-Starter/app/Controllers/Admin.php(17): CodeIgniter\HTTP\RedirectResponse->with()
#1 /workspace/CodeIgniter-4-Starter/system/CodeIgniter.php(832): App\Controllers\Admin->auth()
#2 /workspace/CodeIgniter-4-Starter/system/CodeIgniter.php(419): CodeIgniter\CodeIgniter->runController()
#3 /workspace/CodeIgniter-4-Starter/system/CodeIgniter.php(326): CodeIgniter\CodeIgniter->handleRequest()
#4 /workspace/CodeIgniter-4-Starter/public/index.php(39): CodeIgniter\CodeIgniter->run()
#5 /workspace/CodeIgniter-4-Starter/system/Commands/Server/rewrite.php(43): require_once('...')
#6 {main}
CRITICAL - 2024-01-20 13:49:19 --> Undefined property: App\Controllers\Admin::$session
#0 /workspace/CodeIgniter-4-Starter/app/Controllers/Admin.php(8): CodeIgniter\Debug\Exceptions->errorHandler()
#1 /workspace/CodeIgniter-4-Starter/system/CodeIgniter.php(832): App\Controllers\Admin->index()
#2 /workspace/CodeIgniter-4-Starter/system/CodeIgniter.php(419): CodeIgniter\CodeIgniter->runController()
#3 /workspace/CodeIgniter-4-Starter/system/CodeIgniter.php(326): CodeIgniter\CodeIgniter->handleRequest()
#4 /workspace/CodeIgniter-4-Starter/public/index.php(39): CodeIgniter\CodeIgniter->run()
#5 /workspace/CodeIgniter-4-Starter/system/Commands/Server/rewrite.php(43): require_once('...')
#6 {main}
CRITICAL - 2024-01-20 13:51:44 --> Call to undefined method CodeIgniter\Session\Session::flashdata()
#0 /workspace/CodeIgniter-4-Starter/system/CodeIgniter.php(832): App\Controllers\Admin->index()
#1 /workspace/CodeIgniter-4-Starter/system/CodeIgniter.php(419): CodeIgniter\CodeIgniter->runController()
#2 /workspace/CodeIgniter-4-Starter/system/CodeIgniter.php(326): CodeIgniter\CodeIgniter->handleRequest()
#3 /workspace/CodeIgniter-4-Starter/public/index.php(39): CodeIgniter\CodeIgniter->run()
#4 /workspace/CodeIgniter-4-Starter/system/Commands/Server/rewrite.php(43): require_once('...')
#5 {main}
CRITICAL - 2024-01-20 13:52:01 --> Call to undefined method CodeIgniter\Session\Session::flashdata()
#0 /workspace/CodeIgniter-4-Starter/system/CodeIgniter.php(832): App\Controllers\Admin->index()
#1 /workspace/CodeIgniter-4-Starter/system/CodeIgniter.php(419): CodeIgniter\CodeIgniter->runController()
#2 /workspace/CodeIgniter-4-Starter/system/CodeIgniter.php(326): CodeIgniter\CodeIgniter->handleRequest()
#3 /workspace/CodeIgniter-4-Starter/public/index.php(39): CodeIgniter\CodeIgniter->run()
#4 /workspace/CodeIgniter-4-Starter/system/Commands/Server/rewrite.php(43): require_once('...')
#5 {main}
CRITICAL - 2024-01-20 13:52:34 --> syntax error, unexpected variable "$error"
#0 /workspace/CodeIgniter-4-Starter/system/Autoloader/Autoloader.php(241): CodeIgniter\Autoloader\Autoloader->includeFile()
#1 /workspace/CodeIgniter-4-Starter/system/Autoloader/Autoloader.php(219): CodeIgniter\Autoloader\Autoloader->loadInNamespace()
#2 [internal function]: CodeIgniter\Autoloader\Autoloader->loadClass()
#3 /workspace/CodeIgniter-4-Starter/system/CodeIgniter.php(797): class_exists()
#4 /workspace/CodeIgniter-4-Starter/system/CodeIgniter.php(406): CodeIgniter\CodeIgniter->startController()
#5 /workspace/CodeIgniter-4-Starter/system/CodeIgniter.php(326): CodeIgniter\CodeIgniter->handleRequest()
#6 /workspace/CodeIgniter-4-Starter/public/index.php(39): CodeIgniter\CodeIgniter->run()
#7 /workspace/CodeIgniter-4-Starter/system/Commands/Server/rewrite.php(43): require_once('...')
#8 {main}
CRITICAL - 2024-01-20 13:52:50 --> Call to undefined method CodeIgniter\Session\Session::flashdata()
#0 /workspace/CodeIgniter-4-Starter/system/CodeIgniter.php(832): App\Controllers\Admin->index()
#1 /workspace/CodeIgniter-4-Starter/system/CodeIgniter.php(419): CodeIgniter\CodeIgniter->runController()
#2 /workspace/CodeIgniter-4-Starter/system/CodeIgniter.php(326): CodeIgniter\CodeIgniter->handleRequest()
#3 /workspace/CodeIgniter-4-Starter/public/index.php(39): CodeIgniter\CodeIgniter->run()
#4 /workspace/CodeIgniter-4-Starter/system/Commands/Server/rewrite.php(43): require_once('...')
#5 {main}
CRITICAL - 2024-01-20 13:52:59 --> Call to undefined method CodeIgniter\Session\Session::flashdata()
#0 /workspace/CodeIgniter-4-Starter/system/CodeIgniter.php(832): App\Controllers\Admin->index()
#1 /workspace/CodeIgniter-4-Starter/system/CodeIgniter.php(419): CodeIgniter\CodeIgniter->runController()
#2 /workspace/CodeIgniter-4-Starter/system/CodeIgniter.php(326): CodeIgniter\CodeIgniter->handleRequest()
#3 /workspace/CodeIgniter-4-Starter/public/index.php(39): CodeIgniter\CodeIgniter->run()
#4 /workspace/CodeIgniter-4-Starter/system/Commands/Server/rewrite.php(43): require_once('...')
#5 {main}
CRITICAL - 2024-01-20 13:53:30 --> Call to undefined function App\Controllers\prin_r()
#0 /workspace/CodeIgniter-4-Starter/system/CodeIgniter.php(832): App\Controllers\Admin->index()
#1 /workspace/CodeIgniter-4-Starter/system/CodeIgniter.php(419): CodeIgniter\CodeIgniter->runController()
#2 /workspace/CodeIgniter-4-Starter/system/CodeIgniter.php(326): CodeIgniter\CodeIgniter->handleRequest()
#3 /workspace/CodeIgniter-4-Starter/public/index.php(39): CodeIgniter\CodeIgniter->run()
#4 /workspace/CodeIgniter-4-Starter/system/Commands/Server/rewrite.php(43): require_once('...')
#5 {main}
CRITICAL - 2024-01-20 13:54:08 --> Call to undefined method CodeIgniter\Session\Session::flashdata()
#0 /workspace/CodeIgniter-4-Starter/system/CodeIgniter.php(832): App\Controllers\Admin->index()
#1 /workspace/CodeIgniter-4-Starter/system/CodeIgniter.php(419): CodeIgniter\CodeIgniter->runController()
#2 /workspace/CodeIgniter-4-Starter/system/CodeIgniter.php(326): CodeIgniter\CodeIgniter->handleRequest()
#3 /workspace/CodeIgniter-4-Starter/public/index.php(39): CodeIgniter\CodeIgniter->run()
#4 /workspace/CodeIgniter-4-Starter/system/Commands/Server/rewrite.php(43): require_once('...')
#5 {main}
CRITICAL - 2024-01-20 13:55:03 --> Cannot use isset() on the result of an expression (you can use "null !== expression" instead)
#0 [internal function]: CodeIgniter\Debug\Exceptions->shutdownHandler()
#1 {main}
CRITICAL - 2024-01-20 13:55:29 --> Call to undefined method CodeIgniter\Session\Session::flashdata()
#0 /workspace/CodeIgniter-4-Starter/system/CodeIgniter.php(832): App\Controllers\Admin->index()
#1 /workspace/CodeIgniter-4-Starter/system/CodeIgniter.php(419): CodeIgniter\CodeIgniter->runController()
#2 /workspace/CodeIgniter-4-Starter/system/CodeIgniter.php(326): CodeIgniter\CodeIgniter->handleRequest()
#3 /workspace/CodeIgniter-4-Starter/public/index.php(39): CodeIgniter\CodeIgniter->run()
#4 /workspace/CodeIgniter-4-Starter/system/Commands/Server/rewrite.php(43): require_once('...')
#5 {main}
CRITICAL - 2024-01-20 13:55:36 --> Call to undefined method CodeIgniter\Session\Session::flashdata()
#0 /workspace/CodeIgniter-4-Starter/system/CodeIgniter.php(832): App\Controllers\Admin->index()
#1 /workspace/CodeIgniter-4-Starter/system/CodeIgniter.php(419): CodeIgniter\CodeIgniter->runController()
#2 /workspace/CodeIgniter-4-Starter/system/CodeIgniter.php(326): CodeIgniter\CodeIgniter->handleRequest()
#3 /workspace/CodeIgniter-4-Starter/public/index.php(39): CodeIgniter\CodeIgniter->run()
#4 /workspace/CodeIgniter-4-Starter/system/Commands/Server/rewrite.php(43): require_once('...')
#5 {main}
CRITICAL - 2024-01-20 13:56:08 --> Call to undefined method CodeIgniter\Session\Session::set_flashdata()
#0 /workspace/CodeIgniter-4-Starter/system/CodeIgniter.php(832): App\Controllers\Admin->auth()
#1 /workspace/CodeIgniter-4-Starter/system/CodeIgniter.php(419): CodeIgniter\CodeIgniter->runController()
#2 /workspace/CodeIgniter-4-Starter/system/CodeIgniter.php(326): CodeIgniter\CodeIgniter->handleRequest()
#3 /workspace/CodeIgniter-4-Starter/public/index.php(39): CodeIgniter\CodeIgniter->run()
#4 /workspace/CodeIgniter-4-Starter/system/Commands/Server/rewrite.php(43): require_once('...')
#5 {main}
CRITICAL - 2024-01-20 13:56:36 --> Call to undefined method CodeIgniter\Session\Session::flashdata()
#0 /workspace/CodeIgniter-4-Starter/system/CodeIgniter.php(832): App\Controllers\Admin->index()
#1 /workspace/CodeIgniter-4-Starter/system/CodeIgniter.php(419): CodeIgniter\CodeIgniter->runController()
#2 /workspace/CodeIgniter-4-Starter/system/CodeIgniter.php(326): CodeIgniter\CodeIgniter->handleRequest()
#3 /workspace/CodeIgniter-4-Starter/public/index.php(39): CodeIgniter\CodeIgniter->run()
#4 /workspace/CodeIgniter-4-Starter/system/Commands/Server/rewrite.php(43): require_once('...')
#5 {main}
